{"C:\\Users\\erlac\\Desktop\\final-project\\cse341-final-group-project\\routes\\get.js": {"path":"C:\\Users\\erlac\\Desktop\\final-project\\cse341-final-group-project\\routes\\get.js","statementMap":{"0":{"start":{"line":1,"column":18},"end":{"line":1,"column":45}},"1":{"start":{"line":2,"column":22},"end":{"line":2,"column":51}},"2":{"start":{"line":7,"column":0},"end":{"line":7,"column":55}},"3":{"start":{"line":9,"column":0},"end":{"line":9,"column":69}},"4":{"start":{"line":11,"column":0},"end":{"line":11,"column":85}},"5":{"start":{"line":14,"column":0},"end":{"line":14,"column":46}},"6":{"start":{"line":16,"column":0},"end":{"line":16,"column":60}},"7":{"start":{"line":18,"column":0},"end":{"line":18,"column":76}},"8":{"start":{"line":21,"column":0},"end":{"line":21,"column":52}},"9":{"start":{"line":23,"column":0},"end":{"line":23,"column":69}},"10":{"start":{"line":25,"column":0},"end":{"line":25,"column":85}},"11":{"start":{"line":28,"column":0},"end":{"line":28,"column":50}},"12":{"start":{"line":30,"column":0},"end":{"line":30,"column":82}},"13":{"start":{"line":33,"column":0},"end":{"line":33,"column":52}},"14":{"start":{"line":35,"column":0},"end":{"line":35,"column":69}},"15":{"start":{"line":37,"column":0},"end":{"line":37,"column":27}}},"fnMap":{},"branchMap":{},"s":{"0":1,"1":1,"2":1,"3":1,"4":1,"5":1,"6":1,"7":1,"8":1,"9":1,"10":1,"11":1,"12":1,"13":1,"14":1,"15":1},"f":{},"b":{},"_coverageSchema":"1a1c01bbd47fc00a2c39e90264f33305004495a9","hash":"8bafcc01b4fe83dddecd478a35c07f3491e6a5e7"}
,"C:\\Users\\erlac\\Desktop\\final-project\\cse341-final-group-project\\routes\\post.js": {"path":"C:\\Users\\erlac\\Desktop\\final-project\\cse341-final-group-project\\routes\\post.js","statementMap":{"0":{"start":{"line":1,"column":19},"end":{"line":1,"column":46}},"1":{"start":{"line":2,"column":23},"end":{"line":2,"column":53}},"2":{"start":{"line":5,"column":0},"end":{"line":5,"column":58}},"3":{"start":{"line":7,"column":0},"end":{"line":7,"column":52}},"4":{"start":{"line":9,"column":0},"end":{"line":9,"column":58}},"5":{"start":{"line":11,"column":0},"end":{"line":11,"column":56}},"6":{"start":{"line":13,"column":0},"end":{"line":13,"column":58}},"7":{"start":{"line":15,"column":0},"end":{"line":15,"column":28}}},"fnMap":{},"branchMap":{},"s":{"0":1,"1":1,"2":1,"3":1,"4":1,"5":1,"6":1,"7":1},"f":{},"b":{},"_coverageSchema":"1a1c01bbd47fc00a2c39e90264f33305004495a9","hash":"0a5ce646bf68c34ebebd541257f9c8e729306602"}
}
