{"C:\\Users\\erlac\\Desktop\\final-project\\cse341-final-group-project\\server.js": {"path":"C:\\Users\\erlac\\Desktop\\final-project\\cse341-final-group-project\\server.js","statementMap":{"0":{"start":{"line":1,"column":16},"end":{"line":1,"column":34}},"1":{"start":{"line":2,"column":13},"end":{"line":2,"column":28}},"2":{"start":{"line":3,"column":21},"end":{"line":3,"column":45}},"3":{"start":{"line":4,"column":0},"end":{"line":4,"column":27}},"4":{"start":{"line":5,"column":16},"end":{"line":5,"column":39}},"5":{"start":{"line":6,"column":17},"end":{"line":6,"column":50}},"6":{"start":{"line":8,"column":13},"end":{"line":8,"column":37}},"7":{"start":{"line":9,"column":12},"end":{"line":9,"column":21}},"8":{"start":{"line":11,"column":15},"end":{"line":18,"column":1}},"9":{"start":{"line":20,"column":0},"end":{"line":29,"column":33}},"10":{"start":{"line":31,"column":0},"end":{"line":38,"column":3}},"11":{"start":{"line":32,"column":2},"end":{"line":37,"column":3}},"12":{"start":{"line":33,"column":4},"end":{"line":33,"column":21}},"13":{"start":{"line":34,"column":9},"end":{"line":37,"column":3}},"14":{"start":{"line":35,"column":4},"end":{"line":35,"column":21}},"15":{"start":{"line":40,"column":0},"end":{"line":40,"column":21}}},"fnMap":{"0":{"name":"(anonymous_0)","decl":{"start":{"line":31,"column":15},"end":{"line":31,"column":16}},"loc":{"start":{"line":31,"column":24},"end":{"line":38,"column":1}},"line":31}},"branchMap":{"0":{"loc":{"start":{"line":8,"column":13},"end":{"line":8,"column":37}},"type":"binary-expr","locations":[{"start":{"line":8,"column":13},"end":{"line":8,"column":29}},{"start":{"line":8,"column":33},"end":{"line":8,"column":37}}],"line":8},"1":{"loc":{"start":{"line":32,"column":2},"end":{"line":37,"column":3}},"type":"if","locations":[{"start":{"line":32,"column":2},"end":{"line":37,"column":3}},{"start":{"line":34,"column":9},"end":{"line":37,"column":3}}],"line":32},"2":{"loc":{"start":{"line":34,"column":9},"end":{"line":37,"column":3}},"type":"if","locations":[{"start":{"line":34,"column":9},"end":{"line":37,"column":3}},{"start":{},"end":{}}],"line":34}},"s":{"0":6,"1":6,"2":6,"3":6,"4":6,"5":6,"6":6,"7":6,"8":6,"9":6,"10":6,"11":0,"12":0,"13":0,"14":0,"15":6},"f":{"0":0},"b":{"0":[6,6],"1":[0,0],"2":[0,0]},"_coverageSchema":"1a1c01bbd47fc00a2c39e90264f33305004495a9","hash":"6021af0b85b0d9847a826bb0b1eb403e60b6c642"}
,"C:\\Users\\erlac\\Desktop\\final-project\\cse341-final-group-project\\controllers\\delete.js": {"path":"C:\\Users\\erlac\\Desktop\\final-project\\cse341-final-group-project\\controllers\\delete.js","statementMap":{"0":{"start":{"line":1,"column":16},"end":{"line":1,"column":40}},"1":{"start":{"line":2,"column":11},"end":{"line":2,"column":38}},"2":{"start":{"line":4,"column":22},"end":{"line":22,"column":1}},"3":{"start":{"line":5,"column":2},"end":{"line":21,"column":3}},"4":{"start":{"line":6,"column":19},"end":{"line":10,"column":27}},"5":{"start":{"line":11,"column":4},"end":{"line":11,"column":24}},"6":{"start":{"line":12,"column":4},"end":{"line":16,"column":5}},"7":{"start":{"line":13,"column":6},"end":{"line":13,"column":29}},"8":{"start":{"line":15,"column":6},"end":{"line":15,"column":41}},"9":{"start":{"line":18,"column":4},"end":{"line":20,"column":70}},"10":{"start":{"line":24,"column":26},"end":{"line":50,"column":1}},"11":{"start":{"line":25,"column":2},"end":{"line":49,"column":3}},"12":{"start":{"line":26,"column":4},"end":{"line":44,"column":5}},"13":{"start":{"line":27,"column":24},"end":{"line":27,"column":52}},"14":{"start":{"line":28,"column":6},"end":{"line":30,"column":7}},"15":{"start":{"line":29,"column":8},"end":{"line":29,"column":43}},"16":{"start":{"line":31,"column":21},"end":{"line":35,"column":44}},"17":{"start":{"line":36,"column":6},"end":{"line":36,"column":26}},"18":{"start":{"line":37,"column":6},"end":{"line":41,"column":7}},"19":{"start":{"line":38,"column":8},"end":{"line":38,"column":31}},"20":{"start":{"line":40,"column":8},"end":{"line":40,"column":43}},"21":{"start":{"line":43,"column":6},"end":{"line":43,"column":66}},"22":{"start":{"line":46,"column":4},"end":{"line":48,"column":70}},"23":{"start":{"line":52,"column":27},"end":{"line":78,"column":1}},"24":{"start":{"line":53,"column":2},"end":{"line":77,"column":3}},"25":{"start":{"line":54,"column":4},"end":{"line":72,"column":5}},"26":{"start":{"line":55,"column":24},"end":{"line":55,"column":52}},"27":{"start":{"line":56,"column":6},"end":{"line":58,"column":7}},"28":{"start":{"line":57,"column":8},"end":{"line":57,"column":43}},"29":{"start":{"line":59,"column":21},"end":{"line":63,"column":66}},"30":{"start":{"line":64,"column":6},"end":{"line":64,"column":26}},"31":{"start":{"line":65,"column":6},"end":{"line":69,"column":7}},"32":{"start":{"line":66,"column":8},"end":{"line":66,"column":31}},"33":{"start":{"line":68,"column":8},"end":{"line":68,"column":43}},"34":{"start":{"line":71,"column":6},"end":{"line":71,"column":66}},"35":{"start":{"line":74,"column":4},"end":{"line":76,"column":70}},"36":{"start":{"line":80,"column":23},"end":{"line":106,"column":1}},"37":{"start":{"line":81,"column":2},"end":{"line":105,"column":3}},"38":{"start":{"line":82,"column":4},"end":{"line":100,"column":5}},"39":{"start":{"line":83,"column":21},"end":{"line":83,"column":46}},"40":{"start":{"line":84,"column":6},"end":{"line":86,"column":7}},"41":{"start":{"line":85,"column":8},"end":{"line":85,"column":43}},"42":{"start":{"line":87,"column":21},"end":{"line":91,"column":41}},"43":{"start":{"line":92,"column":6},"end":{"line":92,"column":26}},"44":{"start":{"line":93,"column":6},"end":{"line":97,"column":7}},"45":{"start":{"line":94,"column":8},"end":{"line":94,"column":31}},"46":{"start":{"line":96,"column":8},"end":{"line":96,"column":43}},"47":{"start":{"line":99,"column":6},"end":{"line":99,"column":66}},"48":{"start":{"line":102,"column":4},"end":{"line":104,"column":70}},"49":{"start":{"line":108,"column":24},"end":{"line":134,"column":1}},"50":{"start":{"line":109,"column":2},"end":{"line":133,"column":3}},"51":{"start":{"line":110,"column":4},"end":{"line":128,"column":5}},"52":{"start":{"line":111,"column":21},"end":{"line":111,"column":46}},"53":{"start":{"line":112,"column":6},"end":{"line":114,"column":7}},"54":{"start":{"line":113,"column":8},"end":{"line":113,"column":43}},"55":{"start":{"line":115,"column":21},"end":{"line":119,"column":63}},"56":{"start":{"line":120,"column":6},"end":{"line":120,"column":26}},"57":{"start":{"line":121,"column":6},"end":{"line":125,"column":7}},"58":{"start":{"line":122,"column":8},"end":{"line":122,"column":31}},"59":{"start":{"line":124,"column":8},"end":{"line":124,"column":43}},"60":{"start":{"line":127,"column":6},"end":{"line":127,"column":66}},"61":{"start":{"line":130,"column":4},"end":{"line":132,"column":70}},"62":{"start":{"line":136,"column":26},"end":{"line":162,"column":1}},"63":{"start":{"line":137,"column":2},"end":{"line":161,"column":3}},"64":{"start":{"line":138,"column":4},"end":{"line":156,"column":5}},"65":{"start":{"line":139,"column":24},"end":{"line":139,"column":52}},"66":{"start":{"line":140,"column":6},"end":{"line":142,"column":7}},"67":{"start":{"line":141,"column":8},"end":{"line":141,"column":43}},"68":{"start":{"line":143,"column":21},"end":{"line":147,"column":44}},"69":{"start":{"line":148,"column":6},"end":{"line":148,"column":26}},"70":{"start":{"line":149,"column":6},"end":{"line":153,"column":7}},"71":{"start":{"line":150,"column":8},"end":{"line":150,"column":31}},"72":{"start":{"line":152,"column":8},"end":{"line":152,"column":43}},"73":{"start":{"line":155,"column":6},"end":{"line":155,"column":66}},"74":{"start":{"line":158,"column":4},"end":{"line":160,"column":70}},"75":{"start":{"line":164,"column":27},"end":{"line":190,"column":1}},"76":{"start":{"line":165,"column":2},"end":{"line":189,"column":3}},"77":{"start":{"line":166,"column":4},"end":{"line":184,"column":5}},"78":{"start":{"line":167,"column":24},"end":{"line":167,"column":52}},"79":{"start":{"line":168,"column":6},"end":{"line":170,"column":7}},"80":{"start":{"line":169,"column":8},"end":{"line":169,"column":43}},"81":{"start":{"line":171,"column":21},"end":{"line":175,"column":66}},"82":{"start":{"line":176,"column":6},"end":{"line":176,"column":26}},"83":{"start":{"line":177,"column":6},"end":{"line":181,"column":7}},"84":{"start":{"line":178,"column":8},"end":{"line":178,"column":31}},"85":{"start":{"line":180,"column":8},"end":{"line":180,"column":43}},"86":{"start":{"line":183,"column":6},"end":{"line":183,"column":66}},"87":{"start":{"line":186,"column":4},"end":{"line":188,"column":70}},"88":{"start":{"line":192,"column":26},"end":{"line":218,"column":1}},"89":{"start":{"line":193,"column":2},"end":{"line":217,"column":3}},"90":{"start":{"line":194,"column":4},"end":{"line":212,"column":5}},"91":{"start":{"line":195,"column":24},"end":{"line":195,"column":52}},"92":{"start":{"line":196,"column":6},"end":{"line":198,"column":7}},"93":{"start":{"line":197,"column":8},"end":{"line":197,"column":43}},"94":{"start":{"line":199,"column":21},"end":{"line":203,"column":44}},"95":{"start":{"line":204,"column":6},"end":{"line":204,"column":26}},"96":{"start":{"line":205,"column":6},"end":{"line":209,"column":7}},"97":{"start":{"line":206,"column":8},"end":{"line":206,"column":31}},"98":{"start":{"line":208,"column":8},"end":{"line":208,"column":43}},"99":{"start":{"line":211,"column":6},"end":{"line":211,"column":66}},"100":{"start":{"line":214,"column":4},"end":{"line":216,"column":70}},"101":{"start":{"line":220,"column":25},"end":{"line":246,"column":1}},"102":{"start":{"line":221,"column":2},"end":{"line":245,"column":3}},"103":{"start":{"line":222,"column":4},"end":{"line":240,"column":5}},"104":{"start":{"line":223,"column":23},"end":{"line":223,"column":50}},"105":{"start":{"line":224,"column":6},"end":{"line":226,"column":7}},"106":{"start":{"line":225,"column":8},"end":{"line":225,"column":43}},"107":{"start":{"line":227,"column":21},"end":{"line":231,"column":43}},"108":{"start":{"line":232,"column":6},"end":{"line":232,"column":26}},"109":{"start":{"line":233,"column":6},"end":{"line":237,"column":7}},"110":{"start":{"line":234,"column":8},"end":{"line":234,"column":31}},"111":{"start":{"line":236,"column":8},"end":{"line":236,"column":43}},"112":{"start":{"line":239,"column":6},"end":{"line":239,"column":66}},"113":{"start":{"line":242,"column":4},"end":{"line":244,"column":70}},"114":{"start":{"line":248,"column":0},"end":{"line":257,"column":2}}},"fnMap":{"0":{"name":"(anonymous_0)","decl":{"start":{"line":4,"column":22},"end":{"line":4,"column":23}},"loc":{"start":{"line":4,"column":48},"end":{"line":22,"column":1}},"line":4},"1":{"name":"(anonymous_1)","decl":{"start":{"line":24,"column":26},"end":{"line":24,"column":27}},"loc":{"start":{"line":24,"column":52},"end":{"line":50,"column":1}},"line":24},"2":{"name":"(anonymous_2)","decl":{"start":{"line":52,"column":27},"end":{"line":52,"column":28}},"loc":{"start":{"line":52,"column":53},"end":{"line":78,"column":1}},"line":52},"3":{"name":"(anonymous_3)","decl":{"start":{"line":80,"column":23},"end":{"line":80,"column":24}},"loc":{"start":{"line":80,"column":49},"end":{"line":106,"column":1}},"line":80},"4":{"name":"(anonymous_4)","decl":{"start":{"line":108,"column":24},"end":{"line":108,"column":25}},"loc":{"start":{"line":108,"column":50},"end":{"line":134,"column":1}},"line":108},"5":{"name":"(anonymous_5)","decl":{"start":{"line":136,"column":26},"end":{"line":136,"column":27}},"loc":{"start":{"line":136,"column":52},"end":{"line":162,"column":1}},"line":136},"6":{"name":"(anonymous_6)","decl":{"start":{"line":164,"column":27},"end":{"line":164,"column":28}},"loc":{"start":{"line":164,"column":53},"end":{"line":190,"column":1}},"line":164},"7":{"name":"(anonymous_7)","decl":{"start":{"line":192,"column":26},"end":{"line":192,"column":27}},"loc":{"start":{"line":192,"column":52},"end":{"line":218,"column":1}},"line":192},"8":{"name":"(anonymous_8)","decl":{"start":{"line":220,"column":25},"end":{"line":220,"column":26}},"loc":{"start":{"line":220,"column":51},"end":{"line":246,"column":1}},"line":220}},"branchMap":{"0":{"loc":{"start":{"line":12,"column":4},"end":{"line":16,"column":5}},"type":"if","locations":[{"start":{"line":12,"column":4},"end":{"line":16,"column":5}},{"start":{"line":14,"column":11},"end":{"line":16,"column":5}}],"line":12},"1":{"loc":{"start":{"line":26,"column":4},"end":{"line":44,"column":5}},"type":"if","locations":[{"start":{"line":26,"column":4},"end":{"line":44,"column":5}},{"start":{"line":42,"column":11},"end":{"line":44,"column":5}}],"line":26},"2":{"loc":{"start":{"line":28,"column":6},"end":{"line":30,"column":7}},"type":"if","locations":[{"start":{"line":28,"column":6},"end":{"line":30,"column":7}},{"start":{},"end":{}}],"line":28},"3":{"loc":{"start":{"line":37,"column":6},"end":{"line":41,"column":7}},"type":"if","locations":[{"start":{"line":37,"column":6},"end":{"line":41,"column":7}},{"start":{"line":39,"column":13},"end":{"line":41,"column":7}}],"line":37},"4":{"loc":{"start":{"line":54,"column":4},"end":{"line":72,"column":5}},"type":"if","locations":[{"start":{"line":54,"column":4},"end":{"line":72,"column":5}},{"start":{"line":70,"column":11},"end":{"line":72,"column":5}}],"line":54},"5":{"loc":{"start":{"line":56,"column":6},"end":{"line":58,"column":7}},"type":"if","locations":[{"start":{"line":56,"column":6},"end":{"line":58,"column":7}},{"start":{},"end":{}}],"line":56},"6":{"loc":{"start":{"line":65,"column":6},"end":{"line":69,"column":7}},"type":"if","locations":[{"start":{"line":65,"column":6},"end":{"line":69,"column":7}},{"start":{"line":67,"column":13},"end":{"line":69,"column":7}}],"line":65},"7":{"loc":{"start":{"line":82,"column":4},"end":{"line":100,"column":5}},"type":"if","locations":[{"start":{"line":82,"column":4},"end":{"line":100,"column":5}},{"start":{"line":98,"column":11},"end":{"line":100,"column":5}}],"line":82},"8":{"loc":{"start":{"line":84,"column":6},"end":{"line":86,"column":7}},"type":"if","locations":[{"start":{"line":84,"column":6},"end":{"line":86,"column":7}},{"start":{},"end":{}}],"line":84},"9":{"loc":{"start":{"line":93,"column":6},"end":{"line":97,"column":7}},"type":"if","locations":[{"start":{"line":93,"column":6},"end":{"line":97,"column":7}},{"start":{"line":95,"column":13},"end":{"line":97,"column":7}}],"line":93},"10":{"loc":{"start":{"line":110,"column":4},"end":{"line":128,"column":5}},"type":"if","locations":[{"start":{"line":110,"column":4},"end":{"line":128,"column":5}},{"start":{"line":126,"column":11},"end":{"line":128,"column":5}}],"line":110},"11":{"loc":{"start":{"line":112,"column":6},"end":{"line":114,"column":7}},"type":"if","locations":[{"start":{"line":112,"column":6},"end":{"line":114,"column":7}},{"start":{},"end":{}}],"line":112},"12":{"loc":{"start":{"line":121,"column":6},"end":{"line":125,"column":7}},"type":"if","locations":[{"start":{"line":121,"column":6},"end":{"line":125,"column":7}},{"start":{"line":123,"column":13},"end":{"line":125,"column":7}}],"line":121},"13":{"loc":{"start":{"line":138,"column":4},"end":{"line":156,"column":5}},"type":"if","locations":[{"start":{"line":138,"column":4},"end":{"line":156,"column":5}},{"start":{"line":154,"column":11},"end":{"line":156,"column":5}}],"line":138},"14":{"loc":{"start":{"line":140,"column":6},"end":{"line":142,"column":7}},"type":"if","locations":[{"start":{"line":140,"column":6},"end":{"line":142,"column":7}},{"start":{},"end":{}}],"line":140},"15":{"loc":{"start":{"line":149,"column":6},"end":{"line":153,"column":7}},"type":"if","locations":[{"start":{"line":149,"column":6},"end":{"line":153,"column":7}},{"start":{"line":151,"column":13},"end":{"line":153,"column":7}}],"line":149},"16":{"loc":{"start":{"line":166,"column":4},"end":{"line":184,"column":5}},"type":"if","locations":[{"start":{"line":166,"column":4},"end":{"line":184,"column":5}},{"start":{"line":182,"column":11},"end":{"line":184,"column":5}}],"line":166},"17":{"loc":{"start":{"line":168,"column":6},"end":{"line":170,"column":7}},"type":"if","locations":[{"start":{"line":168,"column":6},"end":{"line":170,"column":7}},{"start":{},"end":{}}],"line":168},"18":{"loc":{"start":{"line":177,"column":6},"end":{"line":181,"column":7}},"type":"if","locations":[{"start":{"line":177,"column":6},"end":{"line":181,"column":7}},{"start":{"line":179,"column":13},"end":{"line":181,"column":7}}],"line":177},"19":{"loc":{"start":{"line":194,"column":4},"end":{"line":212,"column":5}},"type":"if","locations":[{"start":{"line":194,"column":4},"end":{"line":212,"column":5}},{"start":{"line":210,"column":11},"end":{"line":212,"column":5}}],"line":194},"20":{"loc":{"start":{"line":196,"column":6},"end":{"line":198,"column":7}},"type":"if","locations":[{"start":{"line":196,"column":6},"end":{"line":198,"column":7}},{"start":{},"end":{}}],"line":196},"21":{"loc":{"start":{"line":205,"column":6},"end":{"line":209,"column":7}},"type":"if","locations":[{"start":{"line":205,"column":6},"end":{"line":209,"column":7}},{"start":{"line":207,"column":13},"end":{"line":209,"column":7}}],"line":205},"22":{"loc":{"start":{"line":222,"column":4},"end":{"line":240,"column":5}},"type":"if","locations":[{"start":{"line":222,"column":4},"end":{"line":240,"column":5}},{"start":{"line":238,"column":11},"end":{"line":240,"column":5}}],"line":222},"23":{"loc":{"start":{"line":224,"column":6},"end":{"line":226,"column":7}},"type":"if","locations":[{"start":{"line":224,"column":6},"end":{"line":226,"column":7}},{"start":{},"end":{}}],"line":224},"24":{"loc":{"start":{"line":233,"column":6},"end":{"line":237,"column":7}},"type":"if","locations":[{"start":{"line":233,"column":6},"end":{"line":237,"column":7}},{"start":{"line":235,"column":13},"end":{"line":237,"column":7}}],"line":233}},"s":{"0":6,"1":6,"2":6,"3":0,"4":0,"5":0,"6":0,"7":0,"8":0,"9":0,"10":6,"11":1,"12":1,"13":0,"14":0,"15":0,"16":0,"17":0,"18":0,"19":0,"20":0,"21":1,"22":0,"23":6,"24":1,"25":1,"26":0,"27":0,"28":0,"29":0,"30":0,"31":0,"32":0,"33":0,"34":1,"35":0,"36":6,"37":1,"38":1,"39":0,"40":0,"41":0,"42":0,"43":0,"44":0,"45":0,"46":0,"47":1,"48":0,"49":6,"50":1,"51":1,"52":0,"53":0,"54":0,"55":0,"56":0,"57":0,"58":0,"59":0,"60":1,"61":0,"62":6,"63":1,"64":1,"65":0,"66":0,"67":0,"68":0,"69":0,"70":0,"71":0,"72":0,"73":1,"74":0,"75":6,"76":0,"77":0,"78":0,"79":0,"80":0,"81":0,"82":0,"83":0,"84":0,"85":0,"86":0,"87":0,"88":6,"89":1,"90":1,"91":0,"92":0,"93":0,"94":0,"95":0,"96":0,"97":0,"98":0,"99":1,"100":0,"101":6,"102":1,"103":1,"104":0,"105":0,"106":0,"107":0,"108":0,"109":0,"110":0,"111":0,"112":1,"113":0,"114":6},"f":{"0":0,"1":1,"2":1,"3":1,"4":1,"5":1,"6":0,"7":1,"8":1},"b":{"0":[0,0],"1":[0,1],"2":[0,0],"3":[0,0],"4":[0,1],"5":[0,0],"6":[0,0],"7":[0,1],"8":[0,0],"9":[0,0],"10":[0,1],"11":[0,0],"12":[0,0],"13":[0,1],"14":[0,0],"15":[0,0],"16":[0,0],"17":[0,0],"18":[0,0],"19":[0,1],"20":[0,0],"21":[0,0],"22":[0,1],"23":[0,0],"24":[0,0]},"_coverageSchema":"1a1c01bbd47fc00a2c39e90264f33305004495a9","hash":"718d3d16e5296d237ef8ec3a7b2d859188c947af"}
,"C:\\Users\\erlac\\Desktop\\final-project\\cse341-final-group-project\\controllers\\get.js": {"path":"C:\\Users\\erlac\\Desktop\\final-project\\cse341-final-group-project\\controllers\\get.js","statementMap":{"0":{"start":{"line":1,"column":18},"end":{"line":1,"column":36}},"1":{"start":{"line":2,"column":16},"end":{"line":2,"column":40}},"2":{"start":{"line":3,"column":17},"end":{"line":3,"column":44}},"3":{"start":{"line":6,"column":22},"end":{"line":20,"column":1}},"4":{"start":{"line":7,"column":2},"end":{"line":19,"column":3}},"5":{"start":{"line":8,"column":19},"end":{"line":12,"column":13}},"6":{"start":{"line":13,"column":4},"end":{"line":16,"column":7}},"7":{"start":{"line":14,"column":6},"end":{"line":14,"column":56}},"8":{"start":{"line":15,"column":6},"end":{"line":15,"column":34}},"9":{"start":{"line":18,"column":4},"end":{"line":18,"column":43}},"10":{"start":{"line":22,"column":25},"end":{"line":37,"column":1}},"11":{"start":{"line":23,"column":2},"end":{"line":36,"column":3}},"12":{"start":{"line":24,"column":22},"end":{"line":24,"column":56}},"13":{"start":{"line":25,"column":19},"end":{"line":29,"column":31}},"14":{"start":{"line":30,"column":4},"end":{"line":33,"column":7}},"15":{"start":{"line":31,"column":6},"end":{"line":31,"column":56}},"16":{"start":{"line":32,"column":6},"end":{"line":32,"column":37}},"17":{"start":{"line":35,"column":4},"end":{"line":35,"column":43}},"18":{"start":{"line":39,"column":30},"end":{"line":151,"column":1}},"19":{"start":{"line":40,"column":2},"end":{"line":150,"column":3}},"20":{"start":{"line":41,"column":18},"end":{"line":51,"column":5}},"21":{"start":{"line":52,"column":23},"end":{"line":52,"column":43}},"22":{"start":{"line":53,"column":4},"end":{"line":147,"column":5}},"23":{"start":{"line":54,"column":25},"end":{"line":54,"column":45}},"24":{"start":{"line":55,"column":24},"end":{"line":55,"column":48}},"25":{"start":{"line":56,"column":6},"end":{"line":146,"column":7}},"26":{"start":{"line":57,"column":23},"end":{"line":62,"column":39}},"27":{"start":{"line":63,"column":8},"end":{"line":66,"column":11}},"28":{"start":{"line":64,"column":10},"end":{"line":64,"column":60}},"29":{"start":{"line":65,"column":10},"end":{"line":65,"column":41}},"30":{"start":{"line":67,"column":13},"end":{"line":146,"column":7}},"31":{"start":{"line":68,"column":23},"end":{"line":73,"column":40}},"32":{"start":{"line":74,"column":8},"end":{"line":77,"column":11}},"33":{"start":{"line":75,"column":10},"end":{"line":75,"column":60}},"34":{"start":{"line":76,"column":10},"end":{"line":76,"column":41}},"35":{"start":{"line":78,"column":13},"end":{"line":146,"column":7}},"36":{"start":{"line":79,"column":23},"end":{"line":84,"column":42}},"37":{"start":{"line":85,"column":8},"end":{"line":88,"column":11}},"38":{"start":{"line":86,"column":10},"end":{"line":86,"column":60}},"39":{"start":{"line":87,"column":10},"end":{"line":87,"column":41}},"40":{"start":{"line":89,"column":13},"end":{"line":146,"column":7}},"41":{"start":{"line":90,"column":23},"end":{"line":95,"column":40}},"42":{"start":{"line":96,"column":8},"end":{"line":99,"column":11}},"43":{"start":{"line":97,"column":10},"end":{"line":97,"column":60}},"44":{"start":{"line":98,"column":10},"end":{"line":98,"column":41}},"45":{"start":{"line":100,"column":13},"end":{"line":146,"column":7}},"46":{"start":{"line":101,"column":23},"end":{"line":106,"column":40}},"47":{"start":{"line":107,"column":8},"end":{"line":110,"column":11}},"48":{"start":{"line":108,"column":10},"end":{"line":108,"column":60}},"49":{"start":{"line":109,"column":10},"end":{"line":109,"column":41}},"50":{"start":{"line":111,"column":13},"end":{"line":146,"column":7}},"51":{"start":{"line":112,"column":23},"end":{"line":117,"column":43}},"52":{"start":{"line":118,"column":8},"end":{"line":121,"column":11}},"53":{"start":{"line":119,"column":10},"end":{"line":119,"column":60}},"54":{"start":{"line":120,"column":10},"end":{"line":120,"column":41}},"55":{"start":{"line":122,"column":13},"end":{"line":146,"column":7}},"56":{"start":{"line":123,"column":23},"end":{"line":128,"column":40}},"57":{"start":{"line":129,"column":8},"end":{"line":132,"column":11}},"58":{"start":{"line":130,"column":10},"end":{"line":130,"column":60}},"59":{"start":{"line":131,"column":10},"end":{"line":131,"column":41}},"60":{"start":{"line":133,"column":13},"end":{"line":146,"column":7}},"61":{"start":{"line":134,"column":23},"end":{"line":139,"column":40}},"62":{"start":{"line":140,"column":8},"end":{"line":143,"column":11}},"63":{"start":{"line":141,"column":10},"end":{"line":141,"column":60}},"64":{"start":{"line":142,"column":10},"end":{"line":142,"column":41}},"65":{"start":{"line":145,"column":8},"end":{"line":145,"column":22}},"66":{"start":{"line":149,"column":4},"end":{"line":149,"column":68}},"67":{"start":{"line":154,"column":16},"end":{"line":168,"column":1}},"68":{"start":{"line":155,"column":2},"end":{"line":167,"column":3}},"69":{"start":{"line":156,"column":19},"end":{"line":160,"column":13}},"70":{"start":{"line":161,"column":4},"end":{"line":164,"column":7}},"71":{"start":{"line":162,"column":6},"end":{"line":162,"column":56}},"72":{"start":{"line":163,"column":6},"end":{"line":163,"column":34}},"73":{"start":{"line":166,"column":4},"end":{"line":166,"column":43}},"74":{"start":{"line":170,"column":22},"end":{"line":185,"column":1}},"75":{"start":{"line":171,"column":2},"end":{"line":184,"column":3}},"76":{"start":{"line":172,"column":19},"end":{"line":172,"column":50}},"77":{"start":{"line":173,"column":19},"end":{"line":177,"column":28}},"78":{"start":{"line":178,"column":4},"end":{"line":181,"column":7}},"79":{"start":{"line":179,"column":6},"end":{"line":179,"column":56}},"80":{"start":{"line":180,"column":6},"end":{"line":180,"column":37}},"81":{"start":{"line":183,"column":4},"end":{"line":183,"column":43}},"82":{"start":{"line":187,"column":27},"end":{"line":358,"column":1}},"83":{"start":{"line":188,"column":2},"end":{"line":357,"column":3}},"84":{"start":{"line":189,"column":18},"end":{"line":203,"column":5}},"85":{"start":{"line":204,"column":23},"end":{"line":204,"column":43}},"86":{"start":{"line":205,"column":4},"end":{"line":354,"column":5}},"87":{"start":{"line":206,"column":25},"end":{"line":206,"column":42}},"88":{"start":{"line":207,"column":21},"end":{"line":207,"column":45}},"89":{"start":{"line":208,"column":6},"end":{"line":353,"column":7}},"90":{"start":{"line":209,"column":23},"end":{"line":214,"column":44}},"91":{"start":{"line":215,"column":8},"end":{"line":218,"column":11}},"92":{"start":{"line":216,"column":10},"end":{"line":216,"column":60}},"93":{"start":{"line":217,"column":10},"end":{"line":217,"column":41}},"94":{"start":{"line":219,"column":13},"end":{"line":353,"column":7}},"95":{"start":{"line":220,"column":23},"end":{"line":225,"column":39}},"96":{"start":{"line":226,"column":8},"end":{"line":229,"column":11}},"97":{"start":{"line":227,"column":10},"end":{"line":227,"column":60}},"98":{"start":{"line":228,"column":10},"end":{"line":228,"column":41}},"99":{"start":{"line":230,"column":13},"end":{"line":353,"column":7}},"100":{"start":{"line":231,"column":23},"end":{"line":236,"column":41}},"101":{"start":{"line":237,"column":8},"end":{"line":240,"column":11}},"102":{"start":{"line":238,"column":10},"end":{"line":238,"column":60}},"103":{"start":{"line":239,"column":10},"end":{"line":239,"column":41}},"104":{"start":{"line":241,"column":13},"end":{"line":353,"column":7}},"105":{"start":{"line":242,"column":23},"end":{"line":247,"column":46}},"106":{"start":{"line":248,"column":8},"end":{"line":251,"column":11}},"107":{"start":{"line":249,"column":10},"end":{"line":249,"column":60}},"108":{"start":{"line":250,"column":10},"end":{"line":250,"column":41}},"109":{"start":{"line":252,"column":13},"end":{"line":353,"column":7}},"110":{"start":{"line":253,"column":23},"end":{"line":258,"column":46}},"111":{"start":{"line":259,"column":8},"end":{"line":262,"column":11}},"112":{"start":{"line":260,"column":10},"end":{"line":260,"column":60}},"113":{"start":{"line":261,"column":10},"end":{"line":261,"column":41}},"114":{"start":{"line":263,"column":13},"end":{"line":353,"column":7}},"115":{"start":{"line":264,"column":23},"end":{"line":269,"column":39}},"116":{"start":{"line":270,"column":8},"end":{"line":273,"column":11}},"117":{"start":{"line":271,"column":10},"end":{"line":271,"column":60}},"118":{"start":{"line":272,"column":10},"end":{"line":272,"column":41}},"119":{"start":{"line":274,"column":13},"end":{"line":353,"column":7}},"120":{"start":{"line":275,"column":23},"end":{"line":280,"column":41}},"121":{"start":{"line":281,"column":8},"end":{"line":284,"column":11}},"122":{"start":{"line":282,"column":10},"end":{"line":282,"column":60}},"123":{"start":{"line":283,"column":10},"end":{"line":283,"column":41}},"124":{"start":{"line":285,"column":13},"end":{"line":353,"column":7}},"125":{"start":{"line":286,"column":23},"end":{"line":291,"column":42}},"126":{"start":{"line":292,"column":8},"end":{"line":295,"column":11}},"127":{"start":{"line":293,"column":10},"end":{"line":293,"column":60}},"128":{"start":{"line":294,"column":10},"end":{"line":294,"column":41}},"129":{"start":{"line":296,"column":13},"end":{"line":353,"column":7}},"130":{"start":{"line":297,"column":23},"end":{"line":302,"column":46}},"131":{"start":{"line":303,"column":8},"end":{"line":306,"column":11}},"132":{"start":{"line":304,"column":10},"end":{"line":304,"column":60}},"133":{"start":{"line":305,"column":10},"end":{"line":305,"column":41}},"134":{"start":{"line":307,"column":13},"end":{"line":353,"column":7}},"135":{"start":{"line":308,"column":23},"end":{"line":313,"column":43}},"136":{"start":{"line":314,"column":8},"end":{"line":317,"column":11}},"137":{"start":{"line":315,"column":10},"end":{"line":315,"column":60}},"138":{"start":{"line":316,"column":10},"end":{"line":316,"column":41}},"139":{"start":{"line":318,"column":13},"end":{"line":353,"column":7}},"140":{"start":{"line":319,"column":23},"end":{"line":324,"column":40}},"141":{"start":{"line":325,"column":8},"end":{"line":328,"column":11}},"142":{"start":{"line":326,"column":10},"end":{"line":326,"column":60}},"143":{"start":{"line":327,"column":10},"end":{"line":327,"column":41}},"144":{"start":{"line":329,"column":13},"end":{"line":353,"column":7}},"145":{"start":{"line":330,"column":23},"end":{"line":335,"column":41}},"146":{"start":{"line":336,"column":8},"end":{"line":339,"column":11}},"147":{"start":{"line":337,"column":10},"end":{"line":337,"column":60}},"148":{"start":{"line":338,"column":10},"end":{"line":338,"column":41}},"149":{"start":{"line":340,"column":13},"end":{"line":353,"column":7}},"150":{"start":{"line":341,"column":23},"end":{"line":346,"column":40}},"151":{"start":{"line":347,"column":8},"end":{"line":350,"column":11}},"152":{"start":{"line":348,"column":10},"end":{"line":348,"column":60}},"153":{"start":{"line":349,"column":10},"end":{"line":349,"column":41}},"154":{"start":{"line":352,"column":8},"end":{"line":352,"column":16}},"155":{"start":{"line":356,"column":4},"end":{"line":356,"column":65}},"156":{"start":{"line":361,"column":19},"end":{"line":375,"column":1}},"157":{"start":{"line":362,"column":2},"end":{"line":374,"column":3}},"158":{"start":{"line":363,"column":19},"end":{"line":367,"column":13}},"159":{"start":{"line":368,"column":4},"end":{"line":371,"column":7}},"160":{"start":{"line":369,"column":6},"end":{"line":369,"column":56}},"161":{"start":{"line":370,"column":6},"end":{"line":370,"column":34}},"162":{"start":{"line":373,"column":4},"end":{"line":373,"column":43}},"163":{"start":{"line":377,"column":25},"end":{"line":392,"column":1}},"164":{"start":{"line":378,"column":2},"end":{"line":391,"column":3}},"165":{"start":{"line":379,"column":22},"end":{"line":379,"column":56}},"166":{"start":{"line":380,"column":19},"end":{"line":384,"column":31}},"167":{"start":{"line":385,"column":4},"end":{"line":388,"column":7}},"168":{"start":{"line":386,"column":6},"end":{"line":386,"column":56}},"169":{"start":{"line":387,"column":6},"end":{"line":387,"column":37}},"170":{"start":{"line":390,"column":4},"end":{"line":390,"column":43}},"171":{"start":{"line":394,"column":30},"end":{"line":509,"column":1}},"172":{"start":{"line":395,"column":2},"end":{"line":508,"column":3}},"173":{"start":{"line":396,"column":18},"end":{"line":405,"column":5}},"174":{"start":{"line":406,"column":23},"end":{"line":406,"column":43}},"175":{"start":{"line":407,"column":4},"end":{"line":505,"column":5}},"176":{"start":{"line":408,"column":25},"end":{"line":408,"column":45}},"177":{"start":{"line":409,"column":24},"end":{"line":409,"column":48}},"178":{"start":{"line":410,"column":6},"end":{"line":504,"column":7}},"179":{"start":{"line":411,"column":8},"end":{"line":424,"column":9}},"180":{"start":{"line":412,"column":10},"end":{"line":412,"column":79}},"181":{"start":{"line":414,"column":25},"end":{"line":419,"column":46}},"182":{"start":{"line":420,"column":10},"end":{"line":423,"column":13}},"183":{"start":{"line":421,"column":12},"end":{"line":421,"column":62}},"184":{"start":{"line":422,"column":12},"end":{"line":422,"column":43}},"185":{"start":{"line":425,"column":13},"end":{"line":504,"column":7}},"186":{"start":{"line":426,"column":23},"end":{"line":431,"column":44}},"187":{"start":{"line":432,"column":8},"end":{"line":435,"column":11}},"188":{"start":{"line":433,"column":10},"end":{"line":433,"column":60}},"189":{"start":{"line":434,"column":10},"end":{"line":434,"column":41}},"190":{"start":{"line":436,"column":13},"end":{"line":504,"column":7}},"191":{"start":{"line":437,"column":23},"end":{"line":442,"column":43}},"192":{"start":{"line":443,"column":8},"end":{"line":446,"column":11}},"193":{"start":{"line":444,"column":10},"end":{"line":444,"column":60}},"194":{"start":{"line":445,"column":10},"end":{"line":445,"column":41}},"195":{"start":{"line":447,"column":13},"end":{"line":504,"column":7}},"196":{"start":{"line":448,"column":23},"end":{"line":453,"column":42}},"197":{"start":{"line":454,"column":8},"end":{"line":457,"column":11}},"198":{"start":{"line":455,"column":10},"end":{"line":455,"column":60}},"199":{"start":{"line":456,"column":10},"end":{"line":456,"column":41}},"200":{"start":{"line":458,"column":13},"end":{"line":504,"column":7}},"201":{"start":{"line":459,"column":23},"end":{"line":464,"column":40}},"202":{"start":{"line":465,"column":8},"end":{"line":468,"column":11}},"203":{"start":{"line":466,"column":10},"end":{"line":466,"column":60}},"204":{"start":{"line":467,"column":10},"end":{"line":467,"column":41}},"205":{"start":{"line":469,"column":13},"end":{"line":504,"column":7}},"206":{"start":{"line":470,"column":23},"end":{"line":475,"column":40}},"207":{"start":{"line":476,"column":8},"end":{"line":479,"column":11}},"208":{"start":{"line":477,"column":10},"end":{"line":477,"column":60}},"209":{"start":{"line":478,"column":10},"end":{"line":478,"column":41}},"210":{"start":{"line":480,"column":13},"end":{"line":504,"column":7}},"211":{"start":{"line":481,"column":23},"end":{"line":486,"column":40}},"212":{"start":{"line":487,"column":8},"end":{"line":490,"column":11}},"213":{"start":{"line":488,"column":10},"end":{"line":488,"column":60}},"214":{"start":{"line":489,"column":10},"end":{"line":489,"column":41}},"215":{"start":{"line":491,"column":13},"end":{"line":504,"column":7}},"216":{"start":{"line":492,"column":23},"end":{"line":497,"column":40}},"217":{"start":{"line":498,"column":8},"end":{"line":501,"column":11}},"218":{"start":{"line":499,"column":10},"end":{"line":499,"column":60}},"219":{"start":{"line":500,"column":10},"end":{"line":500,"column":41}},"220":{"start":{"line":503,"column":8},"end":{"line":503,"column":19}},"221":{"start":{"line":507,"column":4},"end":{"line":507,"column":68}},"222":{"start":{"line":512,"column":18},"end":{"line":526,"column":1}},"223":{"start":{"line":513,"column":2},"end":{"line":525,"column":3}},"224":{"start":{"line":514,"column":19},"end":{"line":518,"column":13}},"225":{"start":{"line":519,"column":4},"end":{"line":522,"column":7}},"226":{"start":{"line":520,"column":6},"end":{"line":520,"column":56}},"227":{"start":{"line":521,"column":6},"end":{"line":521,"column":34}},"228":{"start":{"line":524,"column":4},"end":{"line":524,"column":43}},"229":{"start":{"line":528,"column":29},"end":{"line":604,"column":1}},"230":{"start":{"line":529,"column":2},"end":{"line":603,"column":3}},"231":{"start":{"line":530,"column":18},"end":{"line":536,"column":5}},"232":{"start":{"line":537,"column":23},"end":{"line":537,"column":43}},"233":{"start":{"line":538,"column":4},"end":{"line":600,"column":5}},"234":{"start":{"line":539,"column":25},"end":{"line":539,"column":44}},"235":{"start":{"line":540,"column":23},"end":{"line":540,"column":47}},"236":{"start":{"line":541,"column":6},"end":{"line":599,"column":7}},"237":{"start":{"line":542,"column":23},"end":{"line":547,"column":41}},"238":{"start":{"line":548,"column":8},"end":{"line":551,"column":11}},"239":{"start":{"line":549,"column":10},"end":{"line":549,"column":60}},"240":{"start":{"line":550,"column":10},"end":{"line":550,"column":41}},"241":{"start":{"line":552,"column":13},"end":{"line":599,"column":7}},"242":{"start":{"line":553,"column":26},"end":{"line":553,"column":36}},"243":{"start":{"line":554,"column":23},"end":{"line":559,"column":44}},"244":{"start":{"line":560,"column":8},"end":{"line":563,"column":11}},"245":{"start":{"line":561,"column":10},"end":{"line":561,"column":60}},"246":{"start":{"line":562,"column":10},"end":{"line":562,"column":41}},"247":{"start":{"line":564,"column":13},"end":{"line":599,"column":7}},"248":{"start":{"line":565,"column":23},"end":{"line":570,"column":45}},"249":{"start":{"line":571,"column":8},"end":{"line":574,"column":11}},"250":{"start":{"line":572,"column":10},"end":{"line":572,"column":60}},"251":{"start":{"line":573,"column":10},"end":{"line":573,"column":41}},"252":{"start":{"line":575,"column":13},"end":{"line":599,"column":7}},"253":{"start":{"line":576,"column":23},"end":{"line":581,"column":45}},"254":{"start":{"line":582,"column":8},"end":{"line":585,"column":11}},"255":{"start":{"line":583,"column":10},"end":{"line":583,"column":60}},"256":{"start":{"line":584,"column":10},"end":{"line":584,"column":41}},"257":{"start":{"line":586,"column":13},"end":{"line":599,"column":7}},"258":{"start":{"line":587,"column":23},"end":{"line":592,"column":44}},"259":{"start":{"line":593,"column":8},"end":{"line":596,"column":11}},"260":{"start":{"line":594,"column":10},"end":{"line":594,"column":60}},"261":{"start":{"line":595,"column":10},"end":{"line":595,"column":41}},"262":{"start":{"line":598,"column":8},"end":{"line":598,"column":18}},"263":{"start":{"line":602,"column":4},"end":{"line":602,"column":67}},"264":{"start":{"line":607,"column":19},"end":{"line":621,"column":1}},"265":{"start":{"line":608,"column":2},"end":{"line":620,"column":3}},"266":{"start":{"line":609,"column":19},"end":{"line":613,"column":13}},"267":{"start":{"line":614,"column":4},"end":{"line":617,"column":7}},"268":{"start":{"line":615,"column":6},"end":{"line":615,"column":56}},"269":{"start":{"line":616,"column":6},"end":{"line":616,"column":34}},"270":{"start":{"line":619,"column":4},"end":{"line":619,"column":43}},"271":{"start":{"line":623,"column":25},"end":{"line":638,"column":1}},"272":{"start":{"line":624,"column":2},"end":{"line":637,"column":3}},"273":{"start":{"line":625,"column":22},"end":{"line":625,"column":56}},"274":{"start":{"line":626,"column":19},"end":{"line":630,"column":31}},"275":{"start":{"line":631,"column":4},"end":{"line":634,"column":7}},"276":{"start":{"line":632,"column":6},"end":{"line":632,"column":56}},"277":{"start":{"line":633,"column":6},"end":{"line":633,"column":37}},"278":{"start":{"line":636,"column":4},"end":{"line":636,"column":43}},"279":{"start":{"line":640,"column":0},"end":{"line":654,"column":2}}},"fnMap":{"0":{"name":"(anonymous_0)","decl":{"start":{"line":6,"column":22},"end":{"line":6,"column":23}},"loc":{"start":{"line":6,"column":48},"end":{"line":20,"column":1}},"line":6},"1":{"name":"(anonymous_1)","decl":{"start":{"line":13,"column":26},"end":{"line":13,"column":27}},"loc":{"start":{"line":13,"column":37},"end":{"line":16,"column":5}},"line":13},"2":{"name":"(anonymous_2)","decl":{"start":{"line":22,"column":25},"end":{"line":22,"column":26}},"loc":{"start":{"line":22,"column":51},"end":{"line":37,"column":1}},"line":22},"3":{"name":"(anonymous_3)","decl":{"start":{"line":30,"column":26},"end":{"line":30,"column":27}},"loc":{"start":{"line":30,"column":37},"end":{"line":33,"column":5}},"line":30},"4":{"name":"(anonymous_4)","decl":{"start":{"line":39,"column":30},"end":{"line":39,"column":31}},"loc":{"start":{"line":39,"column":56},"end":{"line":151,"column":1}},"line":39},"5":{"name":"(anonymous_5)","decl":{"start":{"line":63,"column":30},"end":{"line":63,"column":31}},"loc":{"start":{"line":63,"column":41},"end":{"line":66,"column":9}},"line":63},"6":{"name":"(anonymous_6)","decl":{"start":{"line":74,"column":30},"end":{"line":74,"column":31}},"loc":{"start":{"line":74,"column":41},"end":{"line":77,"column":9}},"line":74},"7":{"name":"(anonymous_7)","decl":{"start":{"line":85,"column":30},"end":{"line":85,"column":31}},"loc":{"start":{"line":85,"column":41},"end":{"line":88,"column":9}},"line":85},"8":{"name":"(anonymous_8)","decl":{"start":{"line":96,"column":30},"end":{"line":96,"column":31}},"loc":{"start":{"line":96,"column":41},"end":{"line":99,"column":9}},"line":96},"9":{"name":"(anonymous_9)","decl":{"start":{"line":107,"column":30},"end":{"line":107,"column":31}},"loc":{"start":{"line":107,"column":41},"end":{"line":110,"column":9}},"line":107},"10":{"name":"(anonymous_10)","decl":{"start":{"line":118,"column":30},"end":{"line":118,"column":31}},"loc":{"start":{"line":118,"column":41},"end":{"line":121,"column":9}},"line":118},"11":{"name":"(anonymous_11)","decl":{"start":{"line":129,"column":30},"end":{"line":129,"column":31}},"loc":{"start":{"line":129,"column":41},"end":{"line":132,"column":9}},"line":129},"12":{"name":"(anonymous_12)","decl":{"start":{"line":140,"column":30},"end":{"line":140,"column":31}},"loc":{"start":{"line":140,"column":41},"end":{"line":143,"column":9}},"line":140},"13":{"name":"(anonymous_13)","decl":{"start":{"line":154,"column":16},"end":{"line":154,"column":17}},"loc":{"start":{"line":154,"column":42},"end":{"line":168,"column":1}},"line":154},"14":{"name":"(anonymous_14)","decl":{"start":{"line":161,"column":26},"end":{"line":161,"column":27}},"loc":{"start":{"line":161,"column":37},"end":{"line":164,"column":5}},"line":161},"15":{"name":"(anonymous_15)","decl":{"start":{"line":170,"column":22},"end":{"line":170,"column":23}},"loc":{"start":{"line":170,"column":48},"end":{"line":185,"column":1}},"line":170},"16":{"name":"(anonymous_16)","decl":{"start":{"line":178,"column":26},"end":{"line":178,"column":27}},"loc":{"start":{"line":178,"column":37},"end":{"line":181,"column":5}},"line":178},"17":{"name":"(anonymous_17)","decl":{"start":{"line":187,"column":27},"end":{"line":187,"column":28}},"loc":{"start":{"line":187,"column":53},"end":{"line":358,"column":1}},"line":187},"18":{"name":"(anonymous_18)","decl":{"start":{"line":215,"column":30},"end":{"line":215,"column":31}},"loc":{"start":{"line":215,"column":41},"end":{"line":218,"column":9}},"line":215},"19":{"name":"(anonymous_19)","decl":{"start":{"line":226,"column":30},"end":{"line":226,"column":31}},"loc":{"start":{"line":226,"column":41},"end":{"line":229,"column":9}},"line":226},"20":{"name":"(anonymous_20)","decl":{"start":{"line":237,"column":30},"end":{"line":237,"column":31}},"loc":{"start":{"line":237,"column":41},"end":{"line":240,"column":9}},"line":237},"21":{"name":"(anonymous_21)","decl":{"start":{"line":248,"column":30},"end":{"line":248,"column":31}},"loc":{"start":{"line":248,"column":41},"end":{"line":251,"column":9}},"line":248},"22":{"name":"(anonymous_22)","decl":{"start":{"line":259,"column":30},"end":{"line":259,"column":31}},"loc":{"start":{"line":259,"column":41},"end":{"line":262,"column":9}},"line":259},"23":{"name":"(anonymous_23)","decl":{"start":{"line":270,"column":30},"end":{"line":270,"column":31}},"loc":{"start":{"line":270,"column":41},"end":{"line":273,"column":9}},"line":270},"24":{"name":"(anonymous_24)","decl":{"start":{"line":281,"column":30},"end":{"line":281,"column":31}},"loc":{"start":{"line":281,"column":41},"end":{"line":284,"column":9}},"line":281},"25":{"name":"(anonymous_25)","decl":{"start":{"line":292,"column":30},"end":{"line":292,"column":31}},"loc":{"start":{"line":292,"column":41},"end":{"line":295,"column":9}},"line":292},"26":{"name":"(anonymous_26)","decl":{"start":{"line":303,"column":30},"end":{"line":303,"column":31}},"loc":{"start":{"line":303,"column":41},"end":{"line":306,"column":9}},"line":303},"27":{"name":"(anonymous_27)","decl":{"start":{"line":314,"column":30},"end":{"line":314,"column":31}},"loc":{"start":{"line":314,"column":41},"end":{"line":317,"column":9}},"line":314},"28":{"name":"(anonymous_28)","decl":{"start":{"line":325,"column":30},"end":{"line":325,"column":31}},"loc":{"start":{"line":325,"column":41},"end":{"line":328,"column":9}},"line":325},"29":{"name":"(anonymous_29)","decl":{"start":{"line":336,"column":30},"end":{"line":336,"column":31}},"loc":{"start":{"line":336,"column":41},"end":{"line":339,"column":9}},"line":336},"30":{"name":"(anonymous_30)","decl":{"start":{"line":347,"column":30},"end":{"line":347,"column":31}},"loc":{"start":{"line":347,"column":41},"end":{"line":350,"column":9}},"line":347},"31":{"name":"(anonymous_31)","decl":{"start":{"line":361,"column":19},"end":{"line":361,"column":20}},"loc":{"start":{"line":361,"column":45},"end":{"line":375,"column":1}},"line":361},"32":{"name":"(anonymous_32)","decl":{"start":{"line":368,"column":26},"end":{"line":368,"column":27}},"loc":{"start":{"line":368,"column":37},"end":{"line":371,"column":5}},"line":368},"33":{"name":"(anonymous_33)","decl":{"start":{"line":377,"column":25},"end":{"line":377,"column":26}},"loc":{"start":{"line":377,"column":51},"end":{"line":392,"column":1}},"line":377},"34":{"name":"(anonymous_34)","decl":{"start":{"line":385,"column":26},"end":{"line":385,"column":27}},"loc":{"start":{"line":385,"column":37},"end":{"line":388,"column":5}},"line":385},"35":{"name":"(anonymous_35)","decl":{"start":{"line":394,"column":30},"end":{"line":394,"column":31}},"loc":{"start":{"line":394,"column":56},"end":{"line":509,"column":1}},"line":394},"36":{"name":"(anonymous_36)","decl":{"start":{"line":420,"column":32},"end":{"line":420,"column":33}},"loc":{"start":{"line":420,"column":43},"end":{"line":423,"column":11}},"line":420},"37":{"name":"(anonymous_37)","decl":{"start":{"line":432,"column":30},"end":{"line":432,"column":31}},"loc":{"start":{"line":432,"column":41},"end":{"line":435,"column":9}},"line":432},"38":{"name":"(anonymous_38)","decl":{"start":{"line":443,"column":30},"end":{"line":443,"column":31}},"loc":{"start":{"line":443,"column":41},"end":{"line":446,"column":9}},"line":443},"39":{"name":"(anonymous_39)","decl":{"start":{"line":454,"column":30},"end":{"line":454,"column":31}},"loc":{"start":{"line":454,"column":41},"end":{"line":457,"column":9}},"line":454},"40":{"name":"(anonymous_40)","decl":{"start":{"line":465,"column":30},"end":{"line":465,"column":31}},"loc":{"start":{"line":465,"column":41},"end":{"line":468,"column":9}},"line":465},"41":{"name":"(anonymous_41)","decl":{"start":{"line":476,"column":30},"end":{"line":476,"column":31}},"loc":{"start":{"line":476,"column":41},"end":{"line":479,"column":9}},"line":476},"42":{"name":"(anonymous_42)","decl":{"start":{"line":487,"column":30},"end":{"line":487,"column":31}},"loc":{"start":{"line":487,"column":41},"end":{"line":490,"column":9}},"line":487},"43":{"name":"(anonymous_43)","decl":{"start":{"line":498,"column":30},"end":{"line":498,"column":31}},"loc":{"start":{"line":498,"column":41},"end":{"line":501,"column":9}},"line":498},"44":{"name":"(anonymous_44)","decl":{"start":{"line":512,"column":18},"end":{"line":512,"column":19}},"loc":{"start":{"line":512,"column":44},"end":{"line":526,"column":1}},"line":512},"45":{"name":"(anonymous_45)","decl":{"start":{"line":519,"column":26},"end":{"line":519,"column":27}},"loc":{"start":{"line":519,"column":37},"end":{"line":522,"column":5}},"line":519},"46":{"name":"(anonymous_46)","decl":{"start":{"line":528,"column":29},"end":{"line":528,"column":30}},"loc":{"start":{"line":528,"column":55},"end":{"line":604,"column":1}},"line":528},"47":{"name":"(anonymous_47)","decl":{"start":{"line":548,"column":30},"end":{"line":548,"column":31}},"loc":{"start":{"line":548,"column":41},"end":{"line":551,"column":9}},"line":548},"48":{"name":"(anonymous_48)","decl":{"start":{"line":560,"column":30},"end":{"line":560,"column":31}},"loc":{"start":{"line":560,"column":41},"end":{"line":563,"column":9}},"line":560},"49":{"name":"(anonymous_49)","decl":{"start":{"line":571,"column":30},"end":{"line":571,"column":31}},"loc":{"start":{"line":571,"column":41},"end":{"line":574,"column":9}},"line":571},"50":{"name":"(anonymous_50)","decl":{"start":{"line":582,"column":30},"end":{"line":582,"column":31}},"loc":{"start":{"line":582,"column":41},"end":{"line":585,"column":9}},"line":582},"51":{"name":"(anonymous_51)","decl":{"start":{"line":593,"column":30},"end":{"line":593,"column":31}},"loc":{"start":{"line":593,"column":41},"end":{"line":596,"column":9}},"line":593},"52":{"name":"(anonymous_52)","decl":{"start":{"line":607,"column":19},"end":{"line":607,"column":20}},"loc":{"start":{"line":607,"column":45},"end":{"line":621,"column":1}},"line":607},"53":{"name":"(anonymous_53)","decl":{"start":{"line":614,"column":26},"end":{"line":614,"column":27}},"loc":{"start":{"line":614,"column":37},"end":{"line":617,"column":5}},"line":614},"54":{"name":"(anonymous_54)","decl":{"start":{"line":623,"column":25},"end":{"line":623,"column":26}},"loc":{"start":{"line":623,"column":51},"end":{"line":638,"column":1}},"line":623},"55":{"name":"(anonymous_55)","decl":{"start":{"line":631,"column":26},"end":{"line":631,"column":27}},"loc":{"start":{"line":631,"column":37},"end":{"line":634,"column":5}},"line":631}},"branchMap":{"0":{"loc":{"start":{"line":53,"column":4},"end":{"line":147,"column":5}},"type":"if","locations":[{"start":{"line":53,"column":4},"end":{"line":147,"column":5}},{"start":{},"end":{}}],"line":53},"1":{"loc":{"start":{"line":56,"column":6},"end":{"line":146,"column":7}},"type":"if","locations":[{"start":{"line":56,"column":6},"end":{"line":146,"column":7}},{"start":{"line":67,"column":13},"end":{"line":146,"column":7}}],"line":56},"2":{"loc":{"start":{"line":67,"column":13},"end":{"line":146,"column":7}},"type":"if","locations":[{"start":{"line":67,"column":13},"end":{"line":146,"column":7}},{"start":{"line":78,"column":13},"end":{"line":146,"column":7}}],"line":67},"3":{"loc":{"start":{"line":78,"column":13},"end":{"line":146,"column":7}},"type":"if","locations":[{"start":{"line":78,"column":13},"end":{"line":146,"column":7}},{"start":{"line":89,"column":13},"end":{"line":146,"column":7}}],"line":78},"4":{"loc":{"start":{"line":89,"column":13},"end":{"line":146,"column":7}},"type":"if","locations":[{"start":{"line":89,"column":13},"end":{"line":146,"column":7}},{"start":{"line":100,"column":13},"end":{"line":146,"column":7}}],"line":89},"5":{"loc":{"start":{"line":100,"column":13},"end":{"line":146,"column":7}},"type":"if","locations":[{"start":{"line":100,"column":13},"end":{"line":146,"column":7}},{"start":{"line":111,"column":13},"end":{"line":146,"column":7}}],"line":100},"6":{"loc":{"start":{"line":111,"column":13},"end":{"line":146,"column":7}},"type":"if","locations":[{"start":{"line":111,"column":13},"end":{"line":146,"column":7}},{"start":{"line":122,"column":13},"end":{"line":146,"column":7}}],"line":111},"7":{"loc":{"start":{"line":122,"column":13},"end":{"line":146,"column":7}},"type":"if","locations":[{"start":{"line":122,"column":13},"end":{"line":146,"column":7}},{"start":{"line":133,"column":13},"end":{"line":146,"column":7}}],"line":122},"8":{"loc":{"start":{"line":133,"column":13},"end":{"line":146,"column":7}},"type":"if","locations":[{"start":{"line":133,"column":13},"end":{"line":146,"column":7}},{"start":{"line":144,"column":13},"end":{"line":146,"column":7}}],"line":133},"9":{"loc":{"start":{"line":205,"column":4},"end":{"line":354,"column":5}},"type":"if","locations":[{"start":{"line":205,"column":4},"end":{"line":354,"column":5}},{"start":{},"end":{}}],"line":205},"10":{"loc":{"start":{"line":208,"column":6},"end":{"line":353,"column":7}},"type":"if","locations":[{"start":{"line":208,"column":6},"end":{"line":353,"column":7}},{"start":{"line":219,"column":13},"end":{"line":353,"column":7}}],"line":208},"11":{"loc":{"start":{"line":219,"column":13},"end":{"line":353,"column":7}},"type":"if","locations":[{"start":{"line":219,"column":13},"end":{"line":353,"column":7}},{"start":{"line":230,"column":13},"end":{"line":353,"column":7}}],"line":219},"12":{"loc":{"start":{"line":230,"column":13},"end":{"line":353,"column":7}},"type":"if","locations":[{"start":{"line":230,"column":13},"end":{"line":353,"column":7}},{"start":{"line":241,"column":13},"end":{"line":353,"column":7}}],"line":230},"13":{"loc":{"start":{"line":241,"column":13},"end":{"line":353,"column":7}},"type":"if","locations":[{"start":{"line":241,"column":13},"end":{"line":353,"column":7}},{"start":{"line":252,"column":13},"end":{"line":353,"column":7}}],"line":241},"14":{"loc":{"start":{"line":252,"column":13},"end":{"line":353,"column":7}},"type":"if","locations":[{"start":{"line":252,"column":13},"end":{"line":353,"column":7}},{"start":{"line":263,"column":13},"end":{"line":353,"column":7}}],"line":252},"15":{"loc":{"start":{"line":263,"column":13},"end":{"line":353,"column":7}},"type":"if","locations":[{"start":{"line":263,"column":13},"end":{"line":353,"column":7}},{"start":{"line":274,"column":13},"end":{"line":353,"column":7}}],"line":263},"16":{"loc":{"start":{"line":274,"column":13},"end":{"line":353,"column":7}},"type":"if","locations":[{"start":{"line":274,"column":13},"end":{"line":353,"column":7}},{"start":{"line":285,"column":13},"end":{"line":353,"column":7}}],"line":274},"17":{"loc":{"start":{"line":285,"column":13},"end":{"line":353,"column":7}},"type":"if","locations":[{"start":{"line":285,"column":13},"end":{"line":353,"column":7}},{"start":{"line":296,"column":13},"end":{"line":353,"column":7}}],"line":285},"18":{"loc":{"start":{"line":296,"column":13},"end":{"line":353,"column":7}},"type":"if","locations":[{"start":{"line":296,"column":13},"end":{"line":353,"column":7}},{"start":{"line":307,"column":13},"end":{"line":353,"column":7}}],"line":296},"19":{"loc":{"start":{"line":307,"column":13},"end":{"line":353,"column":7}},"type":"if","locations":[{"start":{"line":307,"column":13},"end":{"line":353,"column":7}},{"start":{"line":318,"column":13},"end":{"line":353,"column":7}}],"line":307},"20":{"loc":{"start":{"line":318,"column":13},"end":{"line":353,"column":7}},"type":"if","locations":[{"start":{"line":318,"column":13},"end":{"line":353,"column":7}},{"start":{"line":329,"column":13},"end":{"line":353,"column":7}}],"line":318},"21":{"loc":{"start":{"line":329,"column":13},"end":{"line":353,"column":7}},"type":"if","locations":[{"start":{"line":329,"column":13},"end":{"line":353,"column":7}},{"start":{"line":340,"column":13},"end":{"line":353,"column":7}}],"line":329},"22":{"loc":{"start":{"line":340,"column":13},"end":{"line":353,"column":7}},"type":"if","locations":[{"start":{"line":340,"column":13},"end":{"line":353,"column":7}},{"start":{"line":351,"column":13},"end":{"line":353,"column":7}}],"line":340},"23":{"loc":{"start":{"line":407,"column":4},"end":{"line":505,"column":5}},"type":"if","locations":[{"start":{"line":407,"column":4},"end":{"line":505,"column":5}},{"start":{},"end":{}}],"line":407},"24":{"loc":{"start":{"line":410,"column":6},"end":{"line":504,"column":7}},"type":"if","locations":[{"start":{"line":410,"column":6},"end":{"line":504,"column":7}},{"start":{"line":425,"column":13},"end":{"line":504,"column":7}}],"line":410},"25":{"loc":{"start":{"line":411,"column":8},"end":{"line":424,"column":9}},"type":"if","locations":[{"start":{"line":411,"column":8},"end":{"line":424,"column":9}},{"start":{"line":413,"column":15},"end":{"line":424,"column":9}}],"line":411},"26":{"loc":{"start":{"line":425,"column":13},"end":{"line":504,"column":7}},"type":"if","locations":[{"start":{"line":425,"column":13},"end":{"line":504,"column":7}},{"start":{"line":436,"column":13},"end":{"line":504,"column":7}}],"line":425},"27":{"loc":{"start":{"line":436,"column":13},"end":{"line":504,"column":7}},"type":"if","locations":[{"start":{"line":436,"column":13},"end":{"line":504,"column":7}},{"start":{"line":447,"column":13},"end":{"line":504,"column":7}}],"line":436},"28":{"loc":{"start":{"line":447,"column":13},"end":{"line":504,"column":7}},"type":"if","locations":[{"start":{"line":447,"column":13},"end":{"line":504,"column":7}},{"start":{"line":458,"column":13},"end":{"line":504,"column":7}}],"line":447},"29":{"loc":{"start":{"line":458,"column":13},"end":{"line":504,"column":7}},"type":"if","locations":[{"start":{"line":458,"column":13},"end":{"line":504,"column":7}},{"start":{"line":469,"column":13},"end":{"line":504,"column":7}}],"line":458},"30":{"loc":{"start":{"line":469,"column":13},"end":{"line":504,"column":7}},"type":"if","locations":[{"start":{"line":469,"column":13},"end":{"line":504,"column":7}},{"start":{"line":480,"column":13},"end":{"line":504,"column":7}}],"line":469},"31":{"loc":{"start":{"line":480,"column":13},"end":{"line":504,"column":7}},"type":"if","locations":[{"start":{"line":480,"column":13},"end":{"line":504,"column":7}},{"start":{"line":491,"column":13},"end":{"line":504,"column":7}}],"line":480},"32":{"loc":{"start":{"line":491,"column":13},"end":{"line":504,"column":7}},"type":"if","locations":[{"start":{"line":491,"column":13},"end":{"line":504,"column":7}},{"start":{"line":502,"column":13},"end":{"line":504,"column":7}}],"line":491},"33":{"loc":{"start":{"line":538,"column":4},"end":{"line":600,"column":5}},"type":"if","locations":[{"start":{"line":538,"column":4},"end":{"line":600,"column":5}},{"start":{},"end":{}}],"line":538},"34":{"loc":{"start":{"line":541,"column":6},"end":{"line":599,"column":7}},"type":"if","locations":[{"start":{"line":541,"column":6},"end":{"line":599,"column":7}},{"start":{"line":552,"column":13},"end":{"line":599,"column":7}}],"line":541},"35":{"loc":{"start":{"line":552,"column":13},"end":{"line":599,"column":7}},"type":"if","locations":[{"start":{"line":552,"column":13},"end":{"line":599,"column":7}},{"start":{"line":564,"column":13},"end":{"line":599,"column":7}}],"line":552},"36":{"loc":{"start":{"line":564,"column":13},"end":{"line":599,"column":7}},"type":"if","locations":[{"start":{"line":564,"column":13},"end":{"line":599,"column":7}},{"start":{"line":575,"column":13},"end":{"line":599,"column":7}}],"line":564},"37":{"loc":{"start":{"line":575,"column":13},"end":{"line":599,"column":7}},"type":"if","locations":[{"start":{"line":575,"column":13},"end":{"line":599,"column":7}},{"start":{"line":586,"column":13},"end":{"line":599,"column":7}}],"line":575},"38":{"loc":{"start":{"line":586,"column":13},"end":{"line":599,"column":7}},"type":"if","locations":[{"start":{"line":586,"column":13},"end":{"line":599,"column":7}},{"start":{"line":597,"column":13},"end":{"line":599,"column":7}}],"line":586}},"s":{"0":6,"1":6,"2":6,"3":6,"4":1,"5":1,"6":0,"7":0,"8":0,"9":1,"10":6,"11":1,"12":1,"13":0,"14":0,"15":0,"16":0,"17":1,"18":6,"19":0,"20":0,"21":0,"22":0,"23":0,"24":0,"25":0,"26":0,"27":0,"28":0,"29":0,"30":0,"31":0,"32":0,"33":0,"34":0,"35":0,"36":0,"37":0,"38":0,"39":0,"40":0,"41":0,"42":0,"43":0,"44":0,"45":0,"46":0,"47":0,"48":0,"49":0,"50":0,"51":0,"52":0,"53":0,"54":0,"55":0,"56":0,"57":0,"58":0,"59":0,"60":0,"61":0,"62":0,"63":0,"64":0,"65":0,"66":0,"67":6,"68":1,"69":1,"70":0,"71":0,"72":0,"73":1,"74":6,"75":1,"76":1,"77":0,"78":0,"79":0,"80":0,"81":1,"82":6,"83":0,"84":0,"85":0,"86":0,"87":0,"88":0,"89":0,"90":0,"91":0,"92":0,"93":0,"94":0,"95":0,"96":0,"97":0,"98":0,"99":0,"100":0,"101":0,"102":0,"103":0,"104":0,"105":0,"106":0,"107":0,"108":0,"109":0,"110":0,"111":0,"112":0,"113":0,"114":0,"115":0,"116":0,"117":0,"118":0,"119":0,"120":0,"121":0,"122":0,"123":0,"124":0,"125":0,"126":0,"127":0,"128":0,"129":0,"130":0,"131":0,"132":0,"133":0,"134":0,"135":0,"136":0,"137":0,"138":0,"139":0,"140":0,"141":0,"142":0,"143":0,"144":0,"145":0,"146":0,"147":0,"148":0,"149":0,"150":0,"151":0,"152":0,"153":0,"154":0,"155":0,"156":6,"157":1,"158":1,"159":0,"160":0,"161":0,"162":1,"163":6,"164":1,"165":1,"166":0,"167":0,"168":0,"169":0,"170":1,"171":6,"172":0,"173":0,"174":0,"175":0,"176":0,"177":0,"178":0,"179":0,"180":0,"181":0,"182":0,"183":0,"184":0,"185":0,"186":0,"187":0,"188":0,"189":0,"190":0,"191":0,"192":0,"193":0,"194":0,"195":0,"196":0,"197":0,"198":0,"199":0,"200":0,"201":0,"202":0,"203":0,"204":0,"205":0,"206":0,"207":0,"208":0,"209":0,"210":0,"211":0,"212":0,"213":0,"214":0,"215":0,"216":0,"217":0,"218":0,"219":0,"220":0,"221":0,"222":6,"223":1,"224":1,"225":0,"226":0,"227":0,"228":1,"229":6,"230":0,"231":0,"232":0,"233":0,"234":0,"235":0,"236":0,"237":0,"238":0,"239":0,"240":0,"241":0,"242":0,"243":0,"244":0,"245":0,"246":0,"247":0,"248":0,"249":0,"250":0,"251":0,"252":0,"253":0,"254":0,"255":0,"256":0,"257":0,"258":0,"259":0,"260":0,"261":0,"262":0,"263":0,"264":6,"265":1,"266":1,"267":0,"268":0,"269":0,"270":1,"271":6,"272":1,"273":1,"274":0,"275":0,"276":0,"277":0,"278":1,"279":6},"f":{"0":1,"1":0,"2":1,"3":0,"4":0,"5":0,"6":0,"7":0,"8":0,"9":0,"10":0,"11":0,"12":0,"13":1,"14":0,"15":1,"16":0,"17":0,"18":0,"19":0,"20":0,"21":0,"22":0,"23":0,"24":0,"25":0,"26":0,"27":0,"28":0,"29":0,"30":0,"31":1,"32":0,"33":1,"34":0,"35":0,"36":0,"37":0,"38":0,"39":0,"40":0,"41":0,"42":0,"43":0,"44":1,"45":0,"46":0,"47":0,"48":0,"49":0,"50":0,"51":0,"52":1,"53":0,"54":1,"55":0},"b":{"0":[0,0],"1":[0,0],"2":[0,0],"3":[0,0],"4":[0,0],"5":[0,0],"6":[0,0],"7":[0,0],"8":[0,0],"9":[0,0],"10":[0,0],"11":[0,0],"12":[0,0],"13":[0,0],"14":[0,0],"15":[0,0],"16":[0,0],"17":[0,0],"18":[0,0],"19":[0,0],"20":[0,0],"21":[0,0],"22":[0,0],"23":[0,0],"24":[0,0],"25":[0,0],"26":[0,0],"27":[0,0],"28":[0,0],"29":[0,0],"30":[0,0],"31":[0,0],"32":[0,0],"33":[0,0],"34":[0,0],"35":[0,0],"36":[0,0],"37":[0,0],"38":[0,0]},"_coverageSchema":"1a1c01bbd47fc00a2c39e90264f33305004495a9","hash":"af84a05475e447bddd2b059e4c7eb701786e4542"}
,"C:\\Users\\erlac\\Desktop\\final-project\\cse341-final-group-project\\controllers\\post.js": {"path":"C:\\Users\\erlac\\Desktop\\final-project\\cse341-final-group-project\\controllers\\post.js","statementMap":{"0":{"start":{"line":1,"column":16},"end":{"line":1,"column":40}},"1":{"start":{"line":2,"column":17},"end":{"line":2,"column":44}},"2":{"start":{"line":4,"column":22},"end":{"line":85,"column":1}},"3":{"start":{"line":5,"column":2},"end":{"line":84,"column":3}},"4":{"start":{"line":6,"column":4},"end":{"line":77,"column":5}},"5":{"start":{"line":7,"column":24},"end":{"line":7,"column":26}},"6":{"start":{"line":8,"column":19},"end":{"line":17,"column":7}},"7":{"start":{"line":18,"column":6},"end":{"line":20,"column":7}},"8":{"start":{"line":19,"column":8},"end":{"line":19,"column":73}},"9":{"start":{"line":21,"column":6},"end":{"line":23,"column":7}},"10":{"start":{"line":22,"column":8},"end":{"line":22,"column":75}},"11":{"start":{"line":24,"column":6},"end":{"line":31,"column":7}},"12":{"start":{"line":25,"column":27},"end":{"line":27,"column":9}},"13":{"start":{"line":28,"column":8},"end":{"line":30,"column":9}},"14":{"start":{"line":29,"column":10},"end":{"line":29,"column":75}},"15":{"start":{"line":32,"column":6},"end":{"line":34,"column":7}},"16":{"start":{"line":33,"column":8},"end":{"line":33,"column":76}},"17":{"start":{"line":35,"column":6},"end":{"line":42,"column":7}},"18":{"start":{"line":40,"column":8},"end":{"line":41,"column":81}},"19":{"start":{"line":43,"column":6},"end":{"line":45,"column":7}},"20":{"start":{"line":44,"column":8},"end":{"line":44,"column":75}},"21":{"start":{"line":46,"column":6},"end":{"line":48,"column":7}},"22":{"start":{"line":47,"column":8},"end":{"line":47,"column":77}},"23":{"start":{"line":49,"column":6},"end":{"line":51,"column":7}},"24":{"start":{"line":50,"column":8},"end":{"line":50,"column":74}},"25":{"start":{"line":52,"column":6},"end":{"line":54,"column":7}},"26":{"start":{"line":53,"column":8},"end":{"line":53,"column":75}},"27":{"start":{"line":55,"column":6},"end":{"line":74,"column":7}},"28":{"start":{"line":56,"column":8},"end":{"line":56,"column":24}},"29":{"start":{"line":57,"column":8},"end":{"line":57,"column":30}},"30":{"start":{"line":59,"column":25},"end":{"line":63,"column":26}},"31":{"start":{"line":64,"column":8},"end":{"line":73,"column":9}},"32":{"start":{"line":65,"column":10},"end":{"line":65,"column":41}},"33":{"start":{"line":67,"column":10},"end":{"line":72,"column":14}},"34":{"start":{"line":76,"column":6},"end":{"line":76,"column":66}},"35":{"start":{"line":79,"column":4},"end":{"line":83,"column":8}},"36":{"start":{"line":87,"column":19},"end":{"line":183,"column":1}},"37":{"start":{"line":88,"column":2},"end":{"line":182,"column":3}},"38":{"start":{"line":89,"column":4},"end":{"line":177,"column":5}},"39":{"start":{"line":90,"column":24},"end":{"line":90,"column":26}},"40":{"start":{"line":91,"column":19},"end":{"line":104,"column":7}},"41":{"start":{"line":105,"column":6},"end":{"line":107,"column":7}},"42":{"start":{"line":106,"column":8},"end":{"line":106,"column":75}},"43":{"start":{"line":108,"column":6},"end":{"line":113,"column":7}},"44":{"start":{"line":112,"column":8},"end":{"line":112,"column":79}},"45":{"start":{"line":114,"column":6},"end":{"line":116,"column":7}},"46":{"start":{"line":115,"column":8},"end":{"line":115,"column":70}},"47":{"start":{"line":117,"column":6},"end":{"line":119,"column":7}},"48":{"start":{"line":118,"column":8},"end":{"line":118,"column":73}},"49":{"start":{"line":120,"column":6},"end":{"line":122,"column":7}},"50":{"start":{"line":121,"column":8},"end":{"line":121,"column":77}},"51":{"start":{"line":123,"column":6},"end":{"line":125,"column":7}},"52":{"start":{"line":124,"column":8},"end":{"line":124,"column":77}},"53":{"start":{"line":126,"column":6},"end":{"line":128,"column":7}},"54":{"start":{"line":127,"column":8},"end":{"line":127,"column":71}},"55":{"start":{"line":129,"column":6},"end":{"line":136,"column":7}},"56":{"start":{"line":134,"column":8},"end":{"line":135,"column":77}},"57":{"start":{"line":137,"column":6},"end":{"line":139,"column":7}},"58":{"start":{"line":138,"column":8},"end":{"line":138,"column":72}},"59":{"start":{"line":140,"column":6},"end":{"line":142,"column":7}},"60":{"start":{"line":141,"column":8},"end":{"line":141,"column":74}},"61":{"start":{"line":143,"column":6},"end":{"line":145,"column":7}},"62":{"start":{"line":144,"column":8},"end":{"line":144,"column":77}},"63":{"start":{"line":146,"column":6},"end":{"line":148,"column":7}},"64":{"start":{"line":147,"column":8},"end":{"line":147,"column":75}},"65":{"start":{"line":149,"column":6},"end":{"line":151,"column":7}},"66":{"start":{"line":150,"column":8},"end":{"line":150,"column":71}},"67":{"start":{"line":152,"column":6},"end":{"line":154,"column":7}},"68":{"start":{"line":153,"column":8},"end":{"line":153,"column":72}},"69":{"start":{"line":155,"column":6},"end":{"line":174,"column":7}},"70":{"start":{"line":156,"column":8},"end":{"line":156,"column":24}},"71":{"start":{"line":157,"column":8},"end":{"line":157,"column":30}},"72":{"start":{"line":159,"column":25},"end":{"line":163,"column":26}},"73":{"start":{"line":164,"column":8},"end":{"line":173,"column":9}},"74":{"start":{"line":165,"column":10},"end":{"line":165,"column":41}},"75":{"start":{"line":167,"column":10},"end":{"line":172,"column":14}},"76":{"start":{"line":176,"column":6},"end":{"line":176,"column":66}},"77":{"start":{"line":179,"column":4},"end":{"line":181,"column":78}},"78":{"start":{"line":185,"column":22},"end":{"line":262,"column":1}},"79":{"start":{"line":186,"column":2},"end":{"line":261,"column":3}},"80":{"start":{"line":187,"column":4},"end":{"line":256,"column":5}},"81":{"start":{"line":188,"column":24},"end":{"line":188,"column":26}},"82":{"start":{"line":189,"column":19},"end":{"line":198,"column":7}},"83":{"start":{"line":199,"column":6},"end":{"line":201,"column":7}},"84":{"start":{"line":200,"column":8},"end":{"line":200,"column":78}},"85":{"start":{"line":202,"column":6},"end":{"line":207,"column":7}},"86":{"start":{"line":206,"column":8},"end":{"line":206,"column":79}},"87":{"start":{"line":208,"column":6},"end":{"line":210,"column":7}},"88":{"start":{"line":209,"column":8},"end":{"line":209,"column":78}},"89":{"start":{"line":211,"column":6},"end":{"line":213,"column":7}},"90":{"start":{"line":212,"column":8},"end":{"line":212,"column":77}},"91":{"start":{"line":214,"column":6},"end":{"line":216,"column":7}},"92":{"start":{"line":215,"column":8},"end":{"line":215,"column":77}},"93":{"start":{"line":217,"column":6},"end":{"line":224,"column":7}},"94":{"start":{"line":222,"column":8},"end":{"line":223,"column":81}},"95":{"start":{"line":225,"column":6},"end":{"line":227,"column":7}},"96":{"start":{"line":226,"column":8},"end":{"line":226,"column":74}},"97":{"start":{"line":228,"column":6},"end":{"line":230,"column":7}},"98":{"start":{"line":229,"column":8},"end":{"line":229,"column":74}},"99":{"start":{"line":231,"column":6},"end":{"line":233,"column":7}},"100":{"start":{"line":232,"column":8},"end":{"line":232,"column":75}},"101":{"start":{"line":234,"column":6},"end":{"line":253,"column":7}},"102":{"start":{"line":235,"column":8},"end":{"line":235,"column":24}},"103":{"start":{"line":236,"column":8},"end":{"line":236,"column":30}},"104":{"start":{"line":238,"column":25},"end":{"line":242,"column":26}},"105":{"start":{"line":243,"column":8},"end":{"line":252,"column":9}},"106":{"start":{"line":244,"column":10},"end":{"line":244,"column":41}},"107":{"start":{"line":246,"column":10},"end":{"line":251,"column":14}},"108":{"start":{"line":255,"column":6},"end":{"line":255,"column":66}},"109":{"start":{"line":258,"column":4},"end":{"line":260,"column":78}},"110":{"start":{"line":264,"column":21},"end":{"line":328,"column":1}},"111":{"start":{"line":265,"column":2},"end":{"line":327,"column":3}},"112":{"start":{"line":266,"column":4},"end":{"line":322,"column":5}},"113":{"start":{"line":267,"column":24},"end":{"line":267,"column":26}},"114":{"start":{"line":268,"column":19},"end":{"line":274,"column":7}},"115":{"start":{"line":275,"column":6},"end":{"line":277,"column":7}},"116":{"start":{"line":276,"column":8},"end":{"line":276,"column":74}},"117":{"start":{"line":278,"column":6},"end":{"line":280,"column":7}},"118":{"start":{"line":279,"column":8},"end":{"line":279,"column":76}},"119":{"start":{"line":281,"column":6},"end":{"line":283,"column":7}},"120":{"start":{"line":282,"column":8},"end":{"line":282,"column":78}},"121":{"start":{"line":284,"column":6},"end":{"line":289,"column":7}},"122":{"start":{"line":288,"column":8},"end":{"line":288,"column":79}},"123":{"start":{"line":290,"column":6},"end":{"line":292,"column":7}},"124":{"start":{"line":291,"column":8},"end":{"line":291,"column":78}},"125":{"start":{"line":293,"column":6},"end":{"line":295,"column":7}},"126":{"start":{"line":294,"column":8},"end":{"line":294,"column":78}},"127":{"start":{"line":296,"column":6},"end":{"line":299,"column":7}},"128":{"start":{"line":297,"column":8},"end":{"line":298,"column":71}},"129":{"start":{"line":300,"column":6},"end":{"line":319,"column":7}},"130":{"start":{"line":301,"column":8},"end":{"line":301,"column":24}},"131":{"start":{"line":302,"column":8},"end":{"line":302,"column":30}},"132":{"start":{"line":304,"column":25},"end":{"line":308,"column":26}},"133":{"start":{"line":309,"column":8},"end":{"line":318,"column":9}},"134":{"start":{"line":310,"column":10},"end":{"line":310,"column":41}},"135":{"start":{"line":312,"column":10},"end":{"line":317,"column":14}},"136":{"start":{"line":321,"column":6},"end":{"line":321,"column":66}},"137":{"start":{"line":324,"column":4},"end":{"line":326,"column":78}},"138":{"start":{"line":330,"column":22},"end":{"line":424,"column":1}},"139":{"start":{"line":331,"column":2},"end":{"line":423,"column":3}},"140":{"start":{"line":332,"column":4},"end":{"line":416,"column":5}},"141":{"start":{"line":333,"column":24},"end":{"line":333,"column":26}},"142":{"start":{"line":334,"column":19},"end":{"line":337,"column":7}},"143":{"start":{"line":338,"column":6},"end":{"line":340,"column":7}},"144":{"start":{"line":339,"column":8},"end":{"line":339,"column":80}},"145":{"start":{"line":341,"column":6},"end":{"line":343,"column":7}},"146":{"start":{"line":342,"column":8},"end":{"line":342,"column":76}},"147":{"start":{"line":344,"column":6},"end":{"line":347,"column":7}},"148":{"start":{"line":345,"column":8},"end":{"line":346,"column":69}},"149":{"start":{"line":348,"column":6},"end":{"line":353,"column":7}},"150":{"start":{"line":352,"column":8},"end":{"line":352,"column":78}},"151":{"start":{"line":354,"column":6},"end":{"line":357,"column":7}},"152":{"start":{"line":355,"column":8},"end":{"line":356,"column":71}},"153":{"start":{"line":358,"column":6},"end":{"line":363,"column":7}},"154":{"start":{"line":362,"column":8},"end":{"line":362,"column":79}},"155":{"start":{"line":364,"column":6},"end":{"line":367,"column":7}},"156":{"start":{"line":365,"column":8},"end":{"line":366,"column":71}},"157":{"start":{"line":368,"column":6},"end":{"line":376,"column":7}},"158":{"start":{"line":369,"column":27},"end":{"line":371,"column":9}},"159":{"start":{"line":372,"column":8},"end":{"line":375,"column":9}},"160":{"start":{"line":373,"column":10},"end":{"line":374,"column":99}},"161":{"start":{"line":377,"column":6},"end":{"line":380,"column":7}},"162":{"start":{"line":378,"column":8},"end":{"line":379,"column":71}},"163":{"start":{"line":381,"column":6},"end":{"line":389,"column":7}},"164":{"start":{"line":382,"column":27},"end":{"line":384,"column":9}},"165":{"start":{"line":385,"column":8},"end":{"line":388,"column":9}},"166":{"start":{"line":386,"column":10},"end":{"line":387,"column":99}},"167":{"start":{"line":390,"column":6},"end":{"line":393,"column":7}},"168":{"start":{"line":391,"column":8},"end":{"line":392,"column":77}},"169":{"start":{"line":394,"column":6},"end":{"line":413,"column":7}},"170":{"start":{"line":395,"column":8},"end":{"line":395,"column":24}},"171":{"start":{"line":396,"column":8},"end":{"line":396,"column":30}},"172":{"start":{"line":398,"column":25},"end":{"line":402,"column":26}},"173":{"start":{"line":403,"column":8},"end":{"line":412,"column":9}},"174":{"start":{"line":404,"column":10},"end":{"line":404,"column":41}},"175":{"start":{"line":406,"column":10},"end":{"line":411,"column":14}},"176":{"start":{"line":415,"column":6},"end":{"line":415,"column":66}},"177":{"start":{"line":418,"column":4},"end":{"line":422,"column":8}},"178":{"start":{"line":426,"column":0},"end":{"line":432,"column":2}}},"fnMap":{"0":{"name":"(anonymous_0)","decl":{"start":{"line":4,"column":22},"end":{"line":4,"column":23}},"loc":{"start":{"line":4,"column":42},"end":{"line":85,"column":1}},"line":4},"1":{"name":"(anonymous_1)","decl":{"start":{"line":87,"column":19},"end":{"line":87,"column":20}},"loc":{"start":{"line":87,"column":39},"end":{"line":183,"column":1}},"line":87},"2":{"name":"(anonymous_2)","decl":{"start":{"line":185,"column":22},"end":{"line":185,"column":23}},"loc":{"start":{"line":185,"column":42},"end":{"line":262,"column":1}},"line":185},"3":{"name":"(anonymous_3)","decl":{"start":{"line":264,"column":21},"end":{"line":264,"column":22}},"loc":{"start":{"line":264,"column":41},"end":{"line":328,"column":1}},"line":264},"4":{"name":"(anonymous_4)","decl":{"start":{"line":330,"column":22},"end":{"line":330,"column":23}},"loc":{"start":{"line":330,"column":42},"end":{"line":424,"column":1}},"line":330}},"branchMap":{"0":{"loc":{"start":{"line":6,"column":4},"end":{"line":77,"column":5}},"type":"if","locations":[{"start":{"line":6,"column":4},"end":{"line":77,"column":5}},{"start":{"line":75,"column":11},"end":{"line":77,"column":5}}],"line":6},"1":{"loc":{"start":{"line":18,"column":6},"end":{"line":20,"column":7}},"type":"if","locations":[{"start":{"line":18,"column":6},"end":{"line":20,"column":7}},{"start":{},"end":{}}],"line":18},"2":{"loc":{"start":{"line":21,"column":6},"end":{"line":23,"column":7}},"type":"if","locations":[{"start":{"line":21,"column":6},"end":{"line":23,"column":7}},{"start":{},"end":{}}],"line":21},"3":{"loc":{"start":{"line":24,"column":6},"end":{"line":31,"column":7}},"type":"if","locations":[{"start":{"line":24,"column":6},"end":{"line":31,"column":7}},{"start":{},"end":{}}],"line":24},"4":{"loc":{"start":{"line":28,"column":8},"end":{"line":30,"column":9}},"type":"if","locations":[{"start":{"line":28,"column":8},"end":{"line":30,"column":9}},{"start":{},"end":{}}],"line":28},"5":{"loc":{"start":{"line":32,"column":6},"end":{"line":34,"column":7}},"type":"if","locations":[{"start":{"line":32,"column":6},"end":{"line":34,"column":7}},{"start":{},"end":{}}],"line":32},"6":{"loc":{"start":{"line":35,"column":6},"end":{"line":42,"column":7}},"type":"if","locations":[{"start":{"line":35,"column":6},"end":{"line":42,"column":7}},{"start":{},"end":{}}],"line":35},"7":{"loc":{"start":{"line":36,"column":8},"end":{"line":38,"column":42}},"type":"binary-expr","locations":[{"start":{"line":36,"column":8},"end":{"line":36,"column":37}},{"start":{"line":37,"column":8},"end":{"line":37,"column":23}},{"start":{"line":38,"column":8},"end":{"line":38,"column":42}}],"line":36},"8":{"loc":{"start":{"line":43,"column":6},"end":{"line":45,"column":7}},"type":"if","locations":[{"start":{"line":43,"column":6},"end":{"line":45,"column":7}},{"start":{},"end":{}}],"line":43},"9":{"loc":{"start":{"line":46,"column":6},"end":{"line":48,"column":7}},"type":"if","locations":[{"start":{"line":46,"column":6},"end":{"line":48,"column":7}},{"start":{},"end":{}}],"line":46},"10":{"loc":{"start":{"line":49,"column":6},"end":{"line":51,"column":7}},"type":"if","locations":[{"start":{"line":49,"column":6},"end":{"line":51,"column":7}},{"start":{},"end":{}}],"line":49},"11":{"loc":{"start":{"line":52,"column":6},"end":{"line":54,"column":7}},"type":"if","locations":[{"start":{"line":52,"column":6},"end":{"line":54,"column":7}},{"start":{},"end":{}}],"line":52},"12":{"loc":{"start":{"line":55,"column":6},"end":{"line":74,"column":7}},"type":"if","locations":[{"start":{"line":55,"column":6},"end":{"line":74,"column":7}},{"start":{"line":58,"column":13},"end":{"line":74,"column":7}}],"line":55},"13":{"loc":{"start":{"line":64,"column":8},"end":{"line":73,"column":9}},"type":"if","locations":[{"start":{"line":64,"column":8},"end":{"line":73,"column":9}},{"start":{"line":66,"column":15},"end":{"line":73,"column":9}}],"line":64},"14":{"loc":{"start":{"line":70,"column":14},"end":{"line":71,"column":83}},"type":"binary-expr","locations":[{"start":{"line":70,"column":14},"end":{"line":70,"column":28}},{"start":{"line":71,"column":16},"end":{"line":71,"column":83}}],"line":70},"15":{"loc":{"start":{"line":89,"column":4},"end":{"line":177,"column":5}},"type":"if","locations":[{"start":{"line":89,"column":4},"end":{"line":177,"column":5}},{"start":{"line":175,"column":11},"end":{"line":177,"column":5}}],"line":89},"16":{"loc":{"start":{"line":105,"column":6},"end":{"line":107,"column":7}},"type":"if","locations":[{"start":{"line":105,"column":6},"end":{"line":107,"column":7}},{"start":{},"end":{}}],"line":105},"17":{"loc":{"start":{"line":108,"column":6},"end":{"line":113,"column":7}},"type":"if","locations":[{"start":{"line":108,"column":6},"end":{"line":113,"column":7}},{"start":{},"end":{}}],"line":108},"18":{"loc":{"start":{"line":109,"column":8},"end":{"line":110,"column":41}},"type":"binary-expr","locations":[{"start":{"line":109,"column":8},"end":{"line":109,"column":41}},{"start":{"line":110,"column":8},"end":{"line":110,"column":41}}],"line":109},"19":{"loc":{"start":{"line":114,"column":6},"end":{"line":116,"column":7}},"type":"if","locations":[{"start":{"line":114,"column":6},"end":{"line":116,"column":7}},{"start":{},"end":{}}],"line":114},"20":{"loc":{"start":{"line":117,"column":6},"end":{"line":119,"column":7}},"type":"if","locations":[{"start":{"line":117,"column":6},"end":{"line":119,"column":7}},{"start":{},"end":{}}],"line":117},"21":{"
[...]
":[{"start":{"line":367,"column":8},"end":{"line":369,"column":9}},{"start":{},"end":{}}],"line":367},"30":{"loc":{"start":{"line":384,"column":4},"end":{"line":403,"column":5}},"type":"if","locations":[{"start":{"line":384,"column":4},"end":{"line":403,"column":5}},{"start":{"line":401,"column":11},"end":{"line":403,"column":5}}],"line":384},"31":{"loc":{"start":{"line":397,"column":6},"end":{"line":399,"column":7}},"type":"if","locations":[{"start":{"line":397,"column":6},"end":{"line":399,"column":7}},{"start":{},"end":{}}],"line":397},"32":{"loc":{"start":{"line":413,"column":4},"end":{"line":443,"column":5}},"type":"if","locations":[{"start":{"line":413,"column":4},"end":{"line":443,"column":5}},{"start":{"line":441,"column":11},"end":{"line":443,"column":5}}],"line":413},"33":{"loc":{"start":{"line":418,"column":6},"end":{"line":440,"column":7}},"type":"if","locations":[{"start":{"line":418,"column":6},"end":{"line":440,"column":7}},{"start":{"line":426,"column":13},"end":{"line":440,"column":7}}],"line":418},"34":{"loc":{"start":{"line":419,"column":8},"end":{"line":423,"column":31}},"type":"binary-expr","locations":[{"start":{"line":419,"column":8},"end":{"line":419,"column":15}},{"start":{"line":420,"column":8},"end":{"line":420,"column":18}},{"start":{"line":421,"column":8},"end":{"line":421,"column":32}},{"start":{"line":422,"column":8},"end":{"line":422,"column":19}},{"start":{"line":423,"column":8},"end":{"line":423,"column":31}}],"line":419},"35":{"loc":{"start":{"line":436,"column":8},"end":{"line":438,"column":9}},"type":"if","locations":[{"start":{"line":436,"column":8},"end":{"line":438,"column":9}},{"start":{},"end":{}}],"line":436},"36":{"loc":{"start":{"line":452,"column":4},"end":{"line":472,"column":5}},"type":"if","locations":[{"start":{"line":452,"column":4},"end":{"line":472,"column":5}},{"start":{"line":470,"column":11},"end":{"line":472,"column":5}}],"line":452},"37":{"loc":{"start":{"line":454,"column":6},"end":{"line":456,"column":7}},"type":"if","locations":[{"start":{"line":454,"column":6},"end":{"line":456,"column":7}},{"start":{},"end":{}}],"line":454},"38":{"loc":{"start":{"line":465,"column":6},"end":{"line":467,"column":7}},"type":"if","locations":[{"start":{"line":465,"column":6},"end":{"line":467,"column":7}},{"start":{},"end":{}}],"line":465},"39":{"loc":{"start":{"line":482,"column":4},"end":{"line":513,"column":5}},"type":"if","locations":[{"start":{"line":482,"column":4},"end":{"line":513,"column":5}},{"start":{"line":511,"column":11},"end":{"line":513,"column":5}}],"line":482},"40":{"loc":{"start":{"line":490,"column":6},"end":{"line":510,"column":7}},"type":"if","locations":[{"start":{"line":490,"column":6},"end":{"line":510,"column":7}},{"start":{"line":499,"column":13},"end":{"line":510,"column":7}}],"line":490},"41":{"loc":{"start":{"line":491,"column":8},"end":{"line":496,"column":31}},"type":"binary-expr","locations":[{"start":{"line":491,"column":8},"end":{"line":491,"column":15}},{"start":{"line":492,"column":8},"end":{"line":492,"column":18}},{"start":{"line":493,"column":8},"end":{"line":493,"column":17}},{"start":{"line":494,"column":8},"end":{"line":494,"column":32}},{"start":{"line":495,"column":8},"end":{"line":495,"column":19}},{"start":{"line":496,"column":8},"end":{"line":496,"column":31}}],"line":491},"42":{"loc":{"start":{"line":506,"column":8},"end":{"line":508,"column":9}},"type":"if","locations":[{"start":{"line":506,"column":8},"end":{"line":508,"column":9}},{"start":{},"end":{}}],"line":506}},"s":{"0":6,"1":6,"2":6,"3":6,"4":6,"5":6,"6":6,"7":6,"8":6,"9":6,"10":6,"11":6,"12":0,"13":0,"14":0,"15":0,"16":0,"17":0,"18":0,"19":0,"20":0,"21":0,"22":0,"23":0,"24":0,"25":0,"26":0,"27":0,"28":0,"29":0,"30":0,"31":0,"32":0,"33":6,"34":1,"35":1,"36":0,"37":0,"38":0,"39":0,"40":0,"41":0,"42":0,"43":1,"44":0,"45":0,"46":6,"47":1,"48":1,"49":0,"50":0,"51":0,"52":0,"53":0,"54":0,"55":0,"56":0,"57":0,"58":0,"59":0,"60":1,"61":0,"62":0,"63":6,"64":1,"65":1,"66":0,"67":0,"68":0,"69":0,"70":0,"71":0,"72":0,"73":0,"74":0,"75":0,"76":0,"77":1,"78":0,"79":0,"80":6,"81":1,"82":1,"83":0,"84":0,"85":0,"86":0,"87":0,"88":0,"89":0,"90":0,"91":0,"92":1,"93":0,"94":0,"95":6,"96":1,"97":1,"98":0,"99":0,"100":0,"101":0,"102":0,"103":0,"104":0,"105":1,"106":0,"107":0,"108":6,"109":1,"110":1,"111":0,"112":0,"113":0,"114":0,"115":0,"116":0,"117":0,"118":0,"119":0,"120":1,"121":0,"122":0,"123":6,"124":1,"125":1,"126":0,"127":0,"128":0,"129":0,"130":0,"131":0,"132":0,"133":0,"134":0,"135":0,"136":0,"137":0,"138":0,"139":0,"140":0,"141":0,"142":0,"143":0,"144":0,"145":1,"146":0,"147":0,"148":6,"149":1,"150":1,"151":0,"152":0,"153":0,"154":0,"155":0,"156":0,"157":0,"158":1,"159":0,"160":0,"161":6,"162":1,"163":1,"164":0,"165":0,"166":0,"167":0,"168":0,"169":0,"170":0,"171":0,"172":0,"173":0,"174":0,"175":1,"176":0,"177":0,"178":6,"179":1,"180":1,"181":0,"182":0,"183":0,"184":0,"185":0,"186":0,"187":0,"188":0,"189":0,"190":1,"191":0,"192":0,"193":6,"194":1,"195":1,"196":0,"197":0,"198":0,"199":0,"200":0,"201":0,"202":0,"203":0,"204":0,"205":0,"206":0,"207":1,"208":0,"209":0,"210":6},"f":{"0":0,"1":1,"2":1,"3":1,"4":1,"5":1,"6":1,"7":1,"8":1,"9":1,"10":1,"11":1},"b":{"0":[0,0],"1":[0,0],"2":[0,0],"3":[0,0],"4":[0,0],"5":[0,1],"6":[0,0],"7":[0,1],"8":[0,0],"9":[0,0,0,0,0,0,0,0],"10":[0,0],"11":[0,1],"12":[0,0],"13":[0,0,0,0,0,0,0,0,0,0,0,0],"14":[0,0],"15":[0,1],"16":[0,0],"17":[0,0],"18":[0,1],"19":[0,0],"20":[0,1],"21":[0,0],"22":[0,0,0,0,0,0,0,0],"23":[0,0],"24":[0,1],"25":[0,0],"26":[0,0],"27":[0,0],"28":[0,0],"29":[0,0],"30":[0,1],"31":[0,0],"32":[0,1],"33":[0,0],"34":[0,0,0,0,0],"35":[0,0],"36":[0,1],"37":[0,0],"38":[0,0],"39":[0,1],"40":[0,0],"41":[0,0,0,0,0,0],"42":[0,0]},"_coverageSchema":"1a1c01bbd47fc00a2c39e90264f33305004495a9","hash":"b224788826d78b21da4f8cae523fc528e10cb5b5"}
,"C:\\Users\\erlac\\Desktop\\final-project\\cse341-final-group-project\\db\\connect": {"path":"C:\\Users\\erlac\\Desktop\\final-project\\cse341-final-group-project\\db\\connect","statementMap":{"0":{"start":{"line":1,"column":15},"end":{"line":1,"column":32}},"1":{"start":{"line":2,"column":30},"end":{"line":2,"column":49}},"2":{"start":{"line":3,"column":0},"end":{"line":3,"column":16}},"3":{"start":{"line":4,"column":20},"end":{"line":4,"column":50}},"4":{"start":{"line":8,"column":15},"end":{"line":30,"column":1}},"5":{"start":{"line":9,"column":2},"end":{"line":12,"column":3}},"6":{"start":{"line":10,"column":4},"end":{"line":10,"column":46}},"7":{"start":{"line":11,"column":4},"end":{"line":11,"column":31}},"8":{"start":{"line":13,"column":2},"end":{"line":21,"column":3}},"9":{"start":{"line":14,"column":4},"end":{"line":18,"column":7}},"10":{"start":{"line":20,"column":4},"end":{"line":20,"column":21}},"11":{"start":{"line":22,"column":2},"end":{"line":29,"column":7}},"12":{"start":{"line":24,"column":6},"end":{"line":24,"column":19}},"13":{"start":{"line":25,"column":6},"end":{"line":25,"column":26}},"14":{"start":{"line":28,"column":6},"end":{"line":28,"column":20}},"15":{"start":{"line":32,"column":14},"end":{"line":37,"column":1}},"16":{"start":{"line":33,"column":2},"end":{"line":35,"column":3}},"17":{"start":{"line":34,"column":4},"end":{"line":34,"column":38}},"18":{"start":{"line":36,"column":2},"end":{"line":36,"column":13}},"19":{"start":{"line":39,"column":0},"end":{"line":42,"column":2}}},"fnMap":{"0":{"name":"(anonymous_0)","decl":{"start":{"line":8,"column":15},"end":{"line":8,"column":16}},"loc":{"start":{"line":8,"column":35},"end":{"line":30,"column":1}},"line":8},"1":{"name":"(anonymous_1)","decl":{"start":{"line":23,"column":10},"end":{"line":23,"column":11}},"loc":{"start":{"line":23,"column":22},"end":{"line":26,"column":5}},"line":23},"2":{"name":"(anonymous_2)","decl":{"start":{"line":27,"column":11},"end":{"line":27,"column":12}},"loc":{"start":{"line":27,"column":20},"end":{"line":29,"column":5}},"line":27},"3":{"name":"(anonymous_3)","decl":{"start":{"line":32,"column":14},"end":{"line":32,"column":15}},"loc":{"start":{"line":32,"column":20},"end":{"line":37,"column":1}},"line":32}},"branchMap":{"0":{"loc":{"start":{"line":9,"column":2},"end":{"line":12,"column":3}},"type":"if","locations":[{"start":{"line":9,"column":2},"end":{"line":12,"column":3}},{"start":{},"end":{}}],"line":9},"1":{"loc":{"start":{"line":33,"column":2},"end":{"line":35,"column":3}},"type":"if","locations":[{"start":{"line":33,"column":2},"end":{"line":35,"column":3}},{"start":{},"end":{}}],"line":33}},"s":{"0":6,"1":6,"2":6,"3":6,"4":6,"5":6,"6":0,"7":0,"8":6,"9":6,"10":0,"11":0,"12":0,"13":0,"14":0,"15":6,"16":5,"17":5,"18":0,"19":6},"f":{"0":6,"1":0,"2":0,"3":5},"b":{"0":[0,6],"1":[5,0]},"inputSourceMap":null,"_coverageSchema":"1a1c01bbd47fc00a2c39e90264f33305004495a9","hash":"ff692ad141fbb2d67b29f1d7eda730f53327e761"}
,"C:\\Users\\erlac\\Desktop\\final-project\\cse341-final-group-project\\models\\accmodel.js": {"path":"C:\\Users\\erlac\\Desktop\\final-project\\cse341-final-group-project\\models\\accmodel.js","statementMap":{"0":{"start":{"line":1,"column":17},"end":{"line":1,"column":36}},"1":{"start":{"line":3,"column":22},"end":{"line":36,"column":2}},"2":{"start":{"line":38,"column":12},"end":{"line":38,"column":59}},"3":{"start":{"line":40,"column":0},"end":{"line":40,"column":21}}},"fnMap":{},"branchMap":{},"s":{"0":6,"1":6,"2":6,"3":6},"f":{},"b":{},"_coverageSchema":"1a1c01bbd47fc00a2c39e90264f33305004495a9","hash":"dbdcdc0dc5ab1df04ca4169c62403ef16d07a511"}
,"C:\\Users\\erlac\\Desktop\\final-project\\cse341-final-group-project\\models\\bookmodel.js": {"path":"C:\\Users\\erlac\\Desktop\\final-project\\cse341-final-group-project\\models\\bookmodel.js","statementMap":{"0":{"start":{"line":1,"column":17},"end":{"line":1,"column":36}},"1":{"start":{"line":3,"column":19},"end":{"line":52,"column":2}},"2":{"start":{"line":54,"column":13},"end":{"line":54,"column":55}},"3":{"start":{"line":56,"column":0},"end":{"line":56,"column":22}}},"fnMap":{},"branchMap":{},"s":{"0":6,"1":6,"2":6,"3":6},"f":{},"b":{},"_coverageSchema":"1a1c01bbd47fc00a2c39e90264f33305004495a9","hash":"a858c79b212295fc3462fc2147dedd4518847064"}
,"C:\\Users\\erlac\\Desktop\\final-project\\cse341-final-group-project\\models\\historymodel.js": {"path":"C:\\Users\\erlac\\Desktop\\final-project\\cse341-final-group-project\\models\\historymodel.js","statementMap":{"0":{"start":{"line":1,"column":17},"end":{"line":1,"column":36}},"1":{"start":{"line":3,"column":26},"end":{"line":30,"column":2}},"2":{"start":{"line":32,"column":20},"end":{"line":32,"column":79}},"3":{"start":{"line":34,"column":0},"end":{"line":34,"column":29}}},"fnMap":{},"branchMap":{},"s":{"0":6,"1":6,"2":6,"3":6},"f":{},"b":{},"_coverageSchema":"1a1c01bbd47fc00a2c39e90264f33305004495a9","hash":"828a97c1a65f06efc839b9c6f214e74fecf0286a"}
,"C:\\Users\\erlac\\Desktop\\final-project\\cse341-final-group-project\\models\\libmodel.js": {"path":"C:\\Users\\erlac\\Desktop\\final-project\\cse341-final-group-project\\models\\libmodel.js","statementMap":{"0":{"start":{"line":1,"column":17},"end":{"line":1,"column":36}},"1":{"start":{"line":3,"column":18},"end":{"line":36,"column":2}},"2":{"start":{"line":38,"column":12},"end":{"line":38,"column":55}},"3":{"start":{"line":39,"column":0},"end":{"line":39,"column":21}}},"fnMap":{},"branchMap":{},"s":{"0":6,"1":6,"2":6,"3":6},"f":{},"b":{},"_coverageSchema":"1a1c01bbd47fc00a2c39e90264f33305004495a9","hash":"fee109857fceeec78ccfb9cbf9fbfc6ce5240f2a"}
,"C:\\Users\\erlac\\Desktop\\final-project\\cse341-final-group-project\\models\\statusmodel.js": {"path":"C:\\Users\\erlac\\Desktop\\final-project\\cse341-final-group-project\\models\\statusmodel.js","statementMap":{"0":{"start":{"line":1,"column":17},"end":{"line":1,"column":36}},"1":{"start":{"line":3,"column":21},"end":{"line":24,"column":2}},"2":{"start":{"line":26,"column":15},"end":{"line":26,"column":63}},"3":{"start":{"line":28,"column":0},"end":{"line":28,"column":24}}},"fnMap":{},"branchMap":{},"s":{"0":6,"1":6,"2":6,"3":6},"f":{},"b":{},"_coverageSchema":"1a1c01bbd47fc00a2c39e90264f33305004495a9","hash":"51154523bf7e52318e77133967410d4643d2fd7e"}
,"C:\\Users\\erlac\\Desktop\\final-project\\cse341-final-group-project\\routes\\delete.js": {"path":"C:\\Users\\erlac\\Desktop\\final-project\\cse341-final-group-project\\routes\\delete.js","statementMap":{"0":{"start":{"line":1,"column":16},"end":{"line":1,"column":34}},"1":{"start":{"line":2,"column":15},"end":{"line":2,"column":31}},"2":{"start":{"line":3,"column":19},"end":{"line":3,"column":51}},"3":{"start":{"line":5,"column":0},"end":{"line":5,"column":66}},"4":{"start":{"line":6,"column":0},"end":{"line":6,"column":74}},"5":{"start":{"line":8,"column":0},"end":{"line":8,"column":58}},"6":{"start":{"line":9,"column":0},"end":{"line":9,"column":65}},"7":{"start":{"line":11,"column":0},"end":{"line":11,"column":67}},"8":{"start":{"line":12,"column":0},"end":{"line":12,"column":74}},"9":{"start":{"line":14,"column":0},"end":{"line":14,"column":67}},"10":{"start":{"line":16,"column":0},"end":{"line":16,"column":63}},"11":{"start":{"line":18,"column":0},"end":{"line":18,"column":24}}},"fnMap":{},"branchMap":{},"s":{"0":6,"1":6,"2":6,"3":6,"4":6,"5":6,"6":6,"7":6,"8":6,"9":6,"10":6,"11":6},"f":{},"b":{},"_coverageSchema":"1a1c01bbd47fc00a2c39e90264f33305004495a9","hash":"39cb859918542ecf9935590a9b9e1861e0160451"}
,"C:\\Users\\erlac\\Desktop\\final-project\\cse341-final-group-project\\routes\\get.js": {"path":"C:\\Users\\erlac\\Desktop\\final-project\\cse341-final-group-project\\routes\\get.js","statementMap":{"0":{"start":{"line":1,"column":18},"end":{"line":1,"column":45}},"1":{"start":{"line":2,"column":22},"end":{"line":2,"column":51}},"2":{"start":{"line":7,"column":0},"end":{"line":7,"column":55}},"3":{"start":{"line":9,"column":0},"end":{"line":9,"column":69}},"4":{"start":{"line":11,"column":0},"end":{"line":11,"column":85}},"5":{"start":{"line":14,"column":0},"end":{"line":14,"column":46}},"6":{"start":{"line":16,"column":0},"end":{"line":16,"column":60}},"7":{"start":{"line":18,"column":0},"end":{"line":18,"column":76}},"8":{"start":{"line":21,"column":0},"end":{"line":21,"column":52}},"9":{"start":{"line":23,"column":0},"end":{"line":23,"column":69}},"10":{"start":{"line":25,"column":0},"end":{"line":25,"column":85}},"11":{"start":{"line":28,"column":0},"end":{"line":28,"column":50}},"12":{"start":{"line":30,"column":0},"end":{"line":30,"column":82}},"13":{"start":{"line":33,"column":0},"end":{"line":33,"column":52}},"14":{"start":{"line":35,"column":0},"end":{"line":35,"column":69}},"15":{"start":{"line":37,"column":0},"end":{"line":37,"column":27}}},"fnMap":{},"branchMap":{},"s":{"0":6,"1":6,"2":6,"3":6,"4":6,"5":6,"6":6,"7":6,"8":6,"9":6,"10":6,"11":6,"12":6,"13":6,"14":6,"15":6},"f":{},"b":{},"_coverageSchema":"1a1c01bbd47fc00a2c39e90264f33305004495a9","hash":"8bafcc01b4fe83dddecd478a35c07f3491e6a5e7"}
,"C:\\Users\\erlac\\Desktop\\final-project\\cse341-final-group-project\\routes\\index.js": {"path":"C:\\Users\\erlac\\Desktop\\final-project\\cse341-final-group-project\\routes\\index.js","statementMap":{"0":{"start":{"line":1,"column":15},"end":{"line":1,"column":42}},"1":{"start":{"line":3,"column":0},"end":{"line":8,"column":3}},"2":{"start":{"line":4,"column":2},"end":{"line":7,"column":5}},"3":{"start":{"line":10,"column":0},"end":{"line":10,"column":38}},"4":{"start":{"line":11,"column":0},"end":{"line":11,"column":34}},"5":{"start":{"line":12,"column":0},"end":{"line":12,"column":35}},"6":{"start":{"line":13,"column":0},"end":{"line":13,"column":34}},"7":{"start":{"line":14,"column":0},"end":{"line":14,"column":37}},"8":{"start":{"line":16,"column":0},"end":{"line":16,"column":24}}},"fnMap":{"0":{"name":"(anonymous_0)","decl":{"start":{"line":3,"column":16},"end":{"line":3,"column":17}},"loc":{"start":{"line":3,"column":30},"end":{"line":8,"column":1}},"line":3}},"branchMap":{},"s":{"0":6,"1":6,"2":1,"3":6,"4":6,"5":6,"6":6,"7":6,"8":6},"f":{"0":1},"b":{},"_coverageSchema":"1a1c01bbd47fc00a2c39e90264f33305004495a9","hash":"9b84564177e14343c401529db45c1877c79b5685"}
,"C:\\Users\\erlac\\Desktop\\final-project\\cse341-final-group-project\\routes\\post.js": {"path":"C:\\Users\\erlac\\Desktop\\final-project\\cse341-final-group-project\\routes\\post.js","statementMap":{"0":{"start":{"line":1,"column":19},"end":{"line":1,"column":46}},"1":{"start":{"line":2,"column":23},"end":{"line":2,"column":53}},"2":{"start":{"line":5,"column":0},"end":{"line":5,"column":58}},"3":{"start":{"line":7,"column":0},"end":{"line":7,"column":52}},"4":{"start":{"line":9,"column":0},"end":{"line":9,"column":58}},"5":{"start":{"line":11,"column":0},"end":{"line":11,"column":56}},"6":{"start":{"line":13,"column":0},"end":{"line":13,"column":58}},"7":{"start":{"line":15,"column":0},"end":{"line":15,"column":28}}},"fnMap":{},"branchMap":{},"s":{"0":6,"1":6,"2":6,"3":6,"4":6,"5":6,"6":6,"7":6},"f":{},"b":{},"_coverageSchema":"1a1c01bbd47fc00a2c39e90264f33305004495a9","hash":"0a5ce646bf68c34ebebd541257f9c8e729306602"}
,"C:\\Users\\erlac\\Desktop\\final-project\\cse341-final-group-project\\routes\\put.js": {"path":"C:\\Users\\erlac\\Desktop\\final-project\\cse341-final-group-project\\routes\\put.js","statementMap":{"0":{"start":{"line":1,"column":18},"end":{"line":1,"column":45}},"1":{"start":{"line":2,"column":22},"end":{"line":2,"column":51}},"2":{"start":{"line":3,"column":15},"end":{"line":3,"column":32}},"3":{"start":{"line":4,"column":16},"end":{"line":11,"column":2}},"4":{"start":{"line":6,"column":4},"end":{"line":6,"column":26}},"5":{"start":{"line":9,"column":4},"end":{"line":9,"column":51}},"6":{"start":{"line":12,"column":15},"end":{"line":12,"column":43}},"7":{"start":{"line":15,"column":0},"end":{"line":19,"column":2}},"8":{"start":{"line":20,"column":0},"end":{"line":23,"column":2}},"9":{"start":{"line":24,"column":0},"end":{"line":24,"column":73}},"10":{"start":{"line":27,"column":0},"end":{"line":31,"column":2}},"11":{"start":{"line":32,"column":0},"end":{"line":32,"column":81}},"12":{"start":{"line":33,"column":0},"end":{"line":33,"column":65}},"13":{"start":{"line":36,"column":0},"end":{"line":40,"column":2}},"14":{"start":{"line":41,"column":0},"end":{"line":44,"column":2}},"15":{"start":{"line":45,"column":0},"end":{"line":45,"column":77}},"16":{"start":{"line":48,"column":0},"end":{"line":48,"column":73}},"17":{"start":{"line":49,"column":0},"end":{"line":52,"column":2}},"18":{"start":{"line":55,"column":0},"end":{"line":55,"column":76}},"19":{"start":{"line":57,"column":0},"end":{"line":57,"column":27}}},"fnMap":{"0":{"name":"(anonymous_0)","decl":{"start":{"line":5,"column":15},"end":{"line":5,"column":16}},"loc":{"start":{"line":5,"column":40},"end":{"line":7,"column":3}},"line":5},"1":{"name":"(anonymous_1)","decl":{"start":{"line":8,"column":12},"end":{"line":8,"column":13}},"loc":{"start":{"line":8,"column":37},"end":{"line":10,"column":3}},"line":8}},"branchMap":{},"s":{"0":6,"1":6,"2":6,"3":6,"4":0,"5":0,"6":6,"7":6,"8":6,"9":6,"10":6,"11":6,"12":6,"13":6,"14":6,"15":6,"16":6,"17":6,"18":6,"19":6},"f":{"0":0,"1":0},"b":{},"_coverageSchema":"1a1c01bbd47fc00a2c39e90264f33305004495a9","hash":"657eeb2409d93f450ababcc20104c904744a0fe5"}
,"C:\\Users\\erlac\\Desktop\\final-project\\cse341-final-group-project\\routes\\swagger.js": {"path":"C:\\Users\\erlac\\Desktop\\final-project\\cse341-final-group-project\\routes\\swagger.js","statementMap":{"0":{"start":{"line":1,"column":21},"end":{"line":1,"column":48}},"1":{"start":{"line":2,"column":18},"end":{"line":2,"column":47}},"2":{"start":{"line":3,"column":24},"end":{"line":3,"column":50}},"3":{"start":{"line":4,"column":0},"end":{"line":4,"column":47}},"4":{"start":{"line":5,"column":0},"end":{"line":5,"column":64}},"5":{"start":{"line":7,"column":0},"end":{"line":7,"column":30}}},"fnMap":{},"branchMap":{},"s":{"0":6,"1":6,"2":6,"3":6,"4":6,"5":6},"f":{},"b":{},"_coverageSchema":"1a1c01bbd47fc00a2c39e90264f33305004495a9","hash":"23bca233af53fb46c36bc5540a9832f4a39f2496"}
}
