TN:
SF:server.js
FN:31,(anonymous_0)
FNF:1
FNH:0
FNDA:0,(anonymous_0)
DA:1,5
DA:2,5
DA:3,5
DA:4,5
DA:5,5
DA:6,5
DA:8,5
DA:9,5
DA:11,5
DA:20,5
DA:31,5
DA:32,0
DA:33,0
DA:34,0
DA:35,0
DA:40,5
LF:16
LH:12
BRDA:8,0,0,5
BRDA:8,0,1,5
BRDA:32,1,0,0
BRDA:32,1,1,0
BRDA:34,2,0,0
BRDA:34,2,1,0
BRF:6
BRH:2
end_of_record
TN:
SF:controllers\delete.js
FN:4,(anonymous_0)
FN:24,(anonymous_1)
FN:52,(anonymous_2)
FN:80,(anonymous_3)
FN:108,(anonymous_4)
FN:136,(anonymous_5)
FN:164,(anonymous_6)
FN:192,(anonymous_7)
FN:220,(anonymous_8)
FNF:9
FNH:7
FNDA:0,(anonymous_0)
FNDA:1,(anonymous_1)
FNDA:1,(anonymous_2)
FNDA:1,(anonymous_3)
FNDA:1,(anonymous_4)
FNDA:1,(anonymous_5)
FNDA:0,(anonymous_6)
FNDA:1,(anonymous_7)
FNDA:1,(anonymous_8)
DA:1,5
DA:2,5
DA:4,5
DA:5,0
DA:6,0
DA:11,0
DA:12,0
DA:13,0
DA:15,0
DA:18,0
DA:24,5
DA:25,1
DA:26,1
DA:27,0
DA:28,0
DA:29,0
DA:31,0
DA:36,0
DA:37,0
DA:38,0
DA:40,0
DA:43,1
DA:46,0
DA:52,5
DA:53,1
DA:54,1
DA:55,0
DA:56,0
DA:57,0
DA:59,0
DA:64,0
DA:65,0
DA:66,0
DA:68,0
DA:71,1
DA:74,0
DA:80,5
DA:81,1
DA:82,1
DA:83,0
DA:84,0
DA:85,0
DA:87,0
DA:92,0
DA:93,0
DA:94,0
DA:96,0
DA:99,1
DA:102,0
DA:108,5
DA:109,1
DA:110,1
DA:111,0
DA:112,0
DA:113,0
DA:115,0
DA:120,0
DA:121,0
DA:122,0
DA:124,0
DA:127,1
DA:130,0
DA:136,5
DA:137,1
DA:138,1
DA:139,0
DA:140,0
DA:141,0
DA:143,0
DA:148,0
DA:149,0
DA:150,0
DA:152,0
DA:155,1
DA:158,0
DA:164,5
DA:165,0
DA:166,0
DA:167,0
DA:168,0
DA:169,0
DA:171,0
DA:176,0
DA:177,0
DA:178,0
DA:180,0
DA:183,0
DA:186,0
DA:192,5
DA:193,1
DA:194,1
DA:195,0
DA:196,0
DA:197,0
DA:199,0
DA:204,0
DA:205,0
DA:206,0
DA:208,0
DA:211,1
DA:214,0
DA:220,5
DA:221,1
DA:222,1
DA:223,0
DA:224,0
DA:225,0
DA:227,0
DA:232,0
DA:233,0
DA:234,0
DA:236,0
DA:239,1
DA:242,0
DA:248,5
LF:115
LH:33
BRDA:12,0,0,0
BRDA:12,0,1,0
BRDA:26,1,0,0
BRDA:26,1,1,1
BRDA:28,2,0,0
BRDA:28,2,1,0
BRDA:37,3,0,0
BRDA:37,3,1,0
BRDA:54,4,0,0
BRDA:54,4,1,1
BRDA:56,5,0,0
BRDA:56,5,1,0
BRDA:65,6,0,0
BRDA:65,6,1,0
BRDA:82,7,0,0
BRDA:82,7,1,1
BRDA:84,8,0,0
BRDA:84,8,1,0
BRDA:93,9,0,0
BRDA:93,9,1,0
BRDA:110,10,0,0
BRDA:110,10,1,1
BRDA:112,11,0,0
BRDA:112,11,1,0
BRDA:121,12,0,0
BRDA:121,12,1,0
BRDA:138,13,0,0
BRDA:138,13,1,1
BRDA:140,14,0,0
BRDA:140,14,1,0
BRDA:149,15,0,0
BRDA:149,15,1,0
BRDA:166,16,0,0
BRDA:166,16,1,0
BRDA:168,17,0,0
BRDA:168,17,1,0
BRDA:177,18,0,0
BRDA:177,18,1,0
BRDA:194,19,0,0
BRDA:194,19,1,1
BRDA:196,20,0,0
BRDA:196,20,1,0
BRDA:205,21,0,0
BRDA:205,21,1,0
BRDA:222,22,0,0
BRDA:222,22,1,1
BRDA:224,23,0,0
BRDA:224,23,1,0
BRDA:233,24,0,0
BRDA:233,24,1,0
BRF:50
BRH:7
end_of_record
TN:
SF:controllers\get.js
FN:6,(anonymous_0)
FN:13,(anonymous_1)
FN:22,(anonymous_2)
FN:30,(anonymous_3)
FN:39,(anonymous_4)
FN:63,(anonymous_5)
FN:74,(anonymous_6)
FN:85,(anonymous_7)
FN:96,(anonymous_8)
FN:107,(anonymous_9)
FN:118,(anonymous_10)
FN:129,(anonymous_11)
FN:140,(anonymous_12)
FN:154,(anonymous_13)
FN:161,(anonymous_14)
FN:170,(anonymous_15)
FN:178,(anonymous_16)
FN:187,(anonymous_17)
FN:215,(anonymous_18)
FN:226,(anonymous_19)
FN:237,(anonymous_20)
FN:248,(anonymous_21)
FN:259,(anonymous_22)
FN:270,(anonymous_23)
FN:281,(anonymous_24)
FN:292,(anonymous_25)
FN:303,(anonymous_26)
FN:314,(anonymous_27)
FN:325,(anonymous_28)
FN:336,(anonymous_29)
FN:347,(anonymous_30)
FN:361,(anonymous_31)
FN:368,(anonymous_32)
FN:377,(anonymous_33)
FN:385,(anonymous_34)
FN:394,(anonymous_35)
FN:420,(anonymous_36)
FN:432,(anonymous_37)
FN:443,(anonymous_38)
FN:454,(anonymous_39)
FN:465,(anonymous_40)
FN:476,(anonymous_41)
FN:487,(anonymous_42)
FN:498,(anonymous_43)
FN:512,(anonymous_44)
FN:519,(anonymous_45)
FN:528,(anonymous_46)
FN:548,(anonymous_47)
FN:560,(anonymous_48)
FN:571,(anonymous_49)
FN:582,(anonymous_50)
FN:593,(anonymous_51)
FN:607,(anonymous_52)
FN:614,(anonymous_53)
FN:623,(anonymous_54)
FN:631,(anonymous_55)
FNF:56
FNH:9
FNDA:1,(anonymous_0)
FNDA:0,(anonymous_1)
FNDA:1,(anonymous_2)
FNDA:0,(anonymous_3)
FNDA:0,(anonymous_4)
FNDA:0,(anonymous_5)
FNDA:0,(anonymous_6)
FNDA:0,(anonymous_7)
FNDA:0,(anonymous_8)
FNDA:0,(anonymous_9)
FNDA:0,(anonymous_10)
FNDA:0,(anonymous_11)
FNDA:0,(anonymous_12)
FNDA:1,(anonymous_13)
FNDA:0,(anonymous_14)
FNDA:1,(anonymous_15)
FNDA:0,(anonymous_16)
FNDA:0,(anonymous_17)
FNDA:0,(anonymous_18)
FNDA:0,(anonymous_19)
FNDA:0,(anonymous_20)
FNDA:0,(anonymous_21)
FNDA:0,(anonymous_22)
FNDA:0,(anonymous_23)
FNDA:0,(anonymous_24)
FNDA:0,(anonymous_25)
FNDA:0,(anonymous_26)
FNDA:0,(anonymous_27)
FNDA:0,(anonymous_28)
FNDA:0,(anonymous_29)
FNDA:0,(anonymous_30)
FNDA:1,(anonymous_31)
FNDA:0,(anonymous_32)
FNDA:1,(anonymous_33)
FNDA:0,(anonymous_34)
FNDA:0,(anonymous_35)
FNDA:0,(anonymous_36)
FNDA:0,(anonymous_37)
FNDA:0,(anonymous_38)
FNDA:0,(anonymous_39)
FNDA:0,(anonymous_40)
FNDA:0,(anonymous_41)
FNDA:0,(anonymous_42)
FNDA:0,(anonymous_43)
FNDA:1,(anonymous_44)
FNDA:0,(anonymous_45)
FNDA:0,(anonymous_46)
FNDA:0,(anonymous_47)
FNDA:0,(anonymous_48)
FNDA:0,(anonymous_49)
FNDA:0,(anonymous_50)
FNDA:0,(anonymous_51)
FNDA:1,(anonymous_52)
FNDA:0,(anonymous_53)
FNDA:1,(anonymous_54)
FNDA:0,(anonymous_55)
DA:1,5
DA:2,5
DA:3,5
DA:6,5
DA:7,1
DA:8,1
DA:13,0
DA:14,0
DA:15,0
DA:18,1
DA:22,5
DA:23,1
DA:24,1
DA:25,0
DA:30,0
DA:31,0
DA:32,0
DA:35,1
DA:39,5
DA:40,0
DA:41,0
DA:52,0
DA:53,0
DA:54,0
DA:55,0
DA:56,0
DA:57,0
DA:63,0
DA:64,0
DA:65,0
DA:67,0
DA:68,0
DA:74,0
DA:75,0
DA:76,0
DA:78,0
DA:79,0
DA:85,0
DA:86,0
DA:87,0
DA:89,0
DA:90,0
DA:96,0
DA:97,0
DA:98,0
DA:100,0
DA:101,0
DA:107,0
DA:108,0
DA:109,0
DA:111,0
DA:112,0
DA:118,0
DA:119,0
DA:120,0
DA:122,0
DA:123,0
DA:129,0
DA:130,0
DA:131,0
DA:133,0
DA:134,0
DA:140,0
DA:141,0
DA:142,0
DA:145,0
DA:149,0
DA:154,5
DA:155,1
DA:156,1
DA:161,0
DA:162,0
DA:163,0
DA:166,1
DA:170,5
DA:171,1
DA:172,1
DA:173,0
DA:178,0
DA:179,0
DA:180,0
DA:183,1
DA:187,5
DA:188,0
DA:189,0
DA:204,0
DA:205,0
DA:206,0
DA:207,0
DA:208,0
DA:209,0
DA:215,0
DA:216,0
DA:217,0
DA:219,0
DA:220,0
DA:226,0
DA:227,0
DA:228,0
DA:230,0
DA:231,0
DA:237,0
DA:238,0
DA:239,0
DA:241,0
DA:242,0
DA:248,0
DA:249,0
DA:250,0
DA:252,0
DA:253,0
DA:259,0
DA:260,0
DA:261,0
DA:263,0
DA:264,0
DA:270,0
DA:271,0
DA:272,0
DA:274,0
DA:275,0
DA:281,0
DA:282,0
DA:283,0
DA:285,0
DA:286,0
DA:292,0
DA:293,0
DA:294,0
DA:296,0
DA:297,0
DA:303,0
DA:304,0
DA:305,0
DA:307,0
DA:308,0
DA:314,0
DA:315,0
DA:316,0
DA:318,0
DA:319,0
DA:325,0
DA:326,0
DA:327,0
DA:329,0
DA:330,0
DA:336,0
DA:337,0
DA:338,0
DA:340,0
DA:341,0
DA:347,0
DA:348,0
DA:349,0
DA:352,0
DA:356,0
DA:361,5
DA:362,1
DA:363,1
DA:368,0
DA:369,0
DA:370,0
DA:373,1
DA:377,5
DA:378,1
DA:379,1
DA:380,0
DA:385,0
DA:386,0
DA:387,0
DA:390,1
DA:394,5
DA:395,0
DA:396,0
DA:406,0
DA:407,0
DA:408,0
DA:409,0
DA:410,0
DA:411,0
DA:412,0
DA:414,0
DA:420,0
DA:421,0
DA:422,0
DA:425,0
DA:426,0
DA:432,0
DA:433,0
DA:434,0
DA:436,0
DA:437,0
DA:443,0
DA:444,0
DA:445,0
DA:447,0
DA:448,0
DA:454,0
DA:455,0
DA:456,0
DA:458,0
DA:459,0
DA:465,0
DA:466,0
DA:467,0
DA:469,0
DA:470,0
DA:476,0
DA:477,0
DA:478,0
DA:480,0
DA:481,0
DA:487,0
DA:488,0
DA:489,0
DA:491,0
DA:492,0
DA:498,0
DA:499,0
DA:500,0
DA:503,0
DA:507,0
DA:512,5
DA:513,1
DA:514,1
DA:519,0
DA:520,0
DA:521,0
DA:524,1
DA:528,5
DA:529,0
DA:530,0
DA:537,0
DA:538,0
DA:539,0
DA:540,0
DA:541,0
DA:542,0
DA:548,0
DA:549,0
DA:550,0
DA:552,0
DA:553,0
DA:554,0
DA:560,0
DA:561,0
DA:562,0
DA:564,0
DA:565,0
DA:571,0
DA:572,0
DA:573,0
DA:575,0
DA:576,0
DA:582,0
DA:583,0
DA:584,0
DA:586,0
DA:587,0
DA:593,0
DA:594,0
DA:595,0
DA:598,0
DA:602,0
DA:607,5
DA:608,1
DA:609,1
DA:614,0
DA:615,0
DA:616,0
DA:619,1
DA:623,5
DA:624,1
DA:625,1
DA:626,0
DA:631,0
DA:632,0
DA:633,0
DA:636,1
DA:640,5
LF:280
LH:44
BRDA:53,0,0,0
BRDA:53,0,1,0
BRDA:56,1,0,0
BRDA:56,1,1,0
BRDA:67,2,0,0
BRDA:67,2,1,0
BRDA:78,3,0,0
BRDA:78,3,1,0
BRDA:89,4,0,0
BRDA:89,4,1,0
BRDA:100,5,0,0
BRDA:100,5,1,0
BRDA:111,6,0,0
BRDA:111,6,1,0
BRDA:122,7,0,0
BRDA:122,7,1,0
BRDA:133,8,0,0
BRDA:133,8,1,0
BRDA:205,9,0,0
BRDA:205,9,1,0
BRDA:208,10,0,0
BRDA:208,10,1,0
BRDA:219,11,0,0
BRDA:219,11,1,0
BRDA:230,12,0,0
BRDA:230,12,1,0
BRDA:241,13,0,0
BRDA:241,13,1,0
BRDA:252,14,0,0
BRDA:252,14,1,0
BRDA:263,15,0,0
BRDA:263,15,1,0
BRDA:274,16,0,0
BRDA:274,16,1,0
BRDA:285,17,0,0
BRDA:285,17,1,0
BRDA:296,18,0,0
BRDA:296,18,1,0
BRDA:307,19,0,0
BRDA:307,19,1,0
BRDA:318,20,0,0
BRDA:318,20,1,0
BRDA:329,21,0,0
BRDA:329,21,1,0
BRDA:340,22,0,0
BRDA:340,22,1,0
BRDA:407,23,0,0
BRDA:407,23,1,0
BRDA:410,24,0,0
BRDA:410,24,1,0
BRDA:411,25,0,0
BRDA:411,25,1,0
BRDA:425,26,0,0
BRDA:425,26,1,0
BRDA:436,27,0,0
BRDA:436,27,1,0
BRDA:447,28,0,0
BRDA:447,28,1,0
BRDA:458,29,0,0
BRDA:458,29,1,0
BRDA:469,30,0,0
BRDA:469,30,1,0
BRDA:480,31,0,0
BRDA:480,31,1,0
BRDA:491,32,0,0
BRDA:491,32,1,0
BRDA:538,33,0,0
BRDA:538,33,1,0
BRDA:541,34,0,0
BRDA:541,34,1,0
BRDA:552,35,0,0
BRDA:552,35,1,0
BRDA:564,36,0,0
BRDA:564,36,1,0
BRDA:575,37,0,0
BRDA:575,37,1,0
BRDA:586,38,0,0
BRDA:586,38,1,0
BRF:78
BRH:0
end_of_record
TN:
SF:controllers\post.js
FN:4,(anonymous_0)
FN:87,(anonymous_1)
FN:185,(anonymous_2)
FN:264,(anonymous_3)
FN:330,(anonymous_4)
FNF:5
FNH:1
FNDA:0,(anonymous_0)
FNDA:0,(anonymous_1)
FNDA:0,(anonymous_2)
FNDA:0,(anonymous_3)
FNDA:5,(anonymous_4)
DA:1,5
DA:2,5
DA:4,5
DA:5,0
DA:6,0
DA:7,0
DA:8,0
DA:18,0
DA:19,0
DA:21,0
DA:22,0
DA:24,0
DA:25,0
DA:28,0
DA:29,0
DA:32,0
DA:33,0
DA:35,0
DA:40,0
DA:43,0
DA:44,0
DA:46,0
DA:47,0
DA:49,0
DA:50,0
DA:52,0
DA:53,0
DA:55,0
DA:56,0
DA:57,0
DA:59,0
DA:64,0
DA:65,0
DA:67,0
DA:76,0
DA:79,0
DA:87,5
DA:88,0
DA:89,0
DA:90,0
DA:91,0
DA:105,0
DA:106,0
DA:108,0
DA:112,0
DA:114,0
DA:115,0
DA:117,0
DA:118,0
DA:120,0
DA:121,0
DA:123,0
DA:124,0
DA:126,0
DA:127,0
DA:129,0
DA:134,0
DA:137,0
DA:138,0
DA:140,0
DA:141,0
DA:143,0
DA:144,0
DA:146,0
DA:147,0
DA:149,0
DA:150,0
DA:152,0
DA:153,0
DA:155,0
DA:156,0
DA:157,0
DA:159,0
DA:164,0
DA:165,0
DA:167,0
DA:176,0
DA:179,0
DA:185,5
DA:186,0
DA:187,0
DA:188,0
DA:189,0
DA:199,0
DA:200,0
DA:202,0
DA:206,0
DA:208,0
DA:209,0
DA:211,0
DA:212,0
DA:214,0
DA:215,0
DA:217,0
DA:222,0
DA:225,0
DA:226,0
DA:228,0
DA:229,0
DA:231,0
DA:232,0
DA:234,0
DA:235,0
DA:236,0
DA:238,0
DA:243,0
DA:244,0
DA:246,0
DA:255,0
DA:258,0
DA:264,5
DA:265,0
DA:266,0
DA:267,0
DA:268,0
DA:275,0
DA:276,0
DA:278,0
DA:279,0
DA:281,0
DA:282,0
DA:284,0
DA:288,0
DA:290,0
DA:291,0
DA:293,0
DA:294,0
DA:296,0
DA:297,0
DA:300,0
DA:301,0
DA:302,0
DA:304,0
DA:309,0
DA:310,0
DA:312,0
DA:321,0
DA:324,0
DA:330,5
DA:331,5
DA:332,5
DA:333,0
DA:334,0
DA:338,0
DA:339,0
DA:341,0
DA:342,0
DA:344,0
DA:345,0
DA:348,0
DA:352,0
DA:354,0
DA:355,0
DA:358,0
DA:362,0
DA:364,0
DA:365,0
DA:368,0
DA:369,0
DA:372,0
DA:373,0
DA:377,0
DA:378,0
DA:381,0
DA:382,0
DA:385,0
DA:386,0
DA:390,0
DA:391,0
DA:394,0
DA:395,0
DA:396,0
DA:398,0
DA:403,0
DA:404,0
DA:406,0
DA:415,5
DA:418,0
DA:426,5
LF:179
LH:11
BRDA:6,0,0,0
BRDA:6,0,1,0
BRDA:18,1,0,0
BRDA:18,1,1,0
BRDA:21,2,0,0
BRDA:21,2,1,0
BRDA:24,3,0,0
BRDA:24,3,1,0
BRDA:28,4,0,0
BRDA:28,4,1,0
BRDA:32,5,0,0
BRDA:32,5,1,0
BRDA:35,6,0,0
BRDA:35,6,1,0
BRDA:36,7,0,0
BRDA:36,7,1,0
BRDA:36,7,2,0
BRDA:43,8,0,0
BRDA:43,8,1,0
BRDA:46,9,0,0
BRDA:46,9,1,0
BRDA:49,10,0,0
BRDA:49,10,1,0
BRDA:52,11,0,0
BRDA:52,11,1,0
BRDA:55,12,0,0
BRDA:55,12,1,0
BRDA:64,13,0,0
BRDA:64,13,1,0
BRDA:70,14,0,0
BRDA:70,14,1,0
BRDA:89,15,0,0
BRDA:89,15,1,0
BRDA:105,16,0,0
BRDA:105,16,1,0
BRDA:108,17,0,0
BRDA:108,17,1,0
BRDA:109,18,0,0
BRDA:109,18,1,0
BRDA:114,19,0,0
BRDA:114,19,1,0
BRDA:117,20,0,0
BRDA:117,20,1,0
BRDA:120,21,0,0
BRDA:120,21,1,0
BRDA:123,22,0,0
BRDA:123,22,1,0
BRDA:126,23,0,0
BRDA:126,23,1,0
BRDA:129,24,0,0
BRDA:129,24,1,0
BRDA:130,25,0,0
BRDA:130,25,1,0
BRDA:130,25,2,0
BRDA:137,26,0,0
BRDA:137,26,1,0
BRDA:140,27,0,0
BRDA:140,27,1,0
BRDA:143,28,0,0
BRDA:143,28,1,0
BRDA:146,29,0,0
BRDA:146,29,1,0
BRDA:149,30,0,0
BRDA:149,30,1,0
BRDA:152,31,0,0
BRDA:152,31,1,0
BRDA:155,32,0,0
BRDA:155,32,1,0
BRDA:164,33,0,0
BRDA:164,33,1,0
BRDA:170,34,0,0
BRDA:170,34,1,0
BRDA:187,35,0,0
BRDA:187,35,1,0
BRDA:199,36,0,0
BRDA:199,36,1,0
BRDA:202,37,0,0
BRDA:202,37,1,0
BRDA:203,38,0,0
BRDA:203,38,1,0
BRDA:208,39,0,0
BRDA:208,39,1,0
BRDA:211,40,0,0
BRDA:211,40,1,0
BRDA:214,41,0,0
BRDA:214,41,1,0
BRDA:217,42,0,0
BRDA:217,42,1,0
BRDA:218,43,0,0
BRDA:218,43,1,0
BRDA:218,43,2,0
BRDA:225,44,0,0
BRDA:225,44,1,0
BRDA:228,45,0,0
BRDA:228,45,1,0
BRDA:231,46,0,0
BRDA:231,46,1,0
BRDA:234,47,0,0
BRDA:234,47,1,0
BRDA:243,48,0,0
BRDA:243,48,1,0
BRDA:249,49,0,0
BRDA:249,49,1,0
BRDA:266,50,0,0
BRDA:266,50,1,0
BRDA:275,51,0,0
BRDA:275,51,1,0
BRDA:278,52,0,0
BRDA:278,52,1,0
BRDA:278,53,0,0
BRDA:278,53,1,0
BRDA:281,54,0,0
BRDA:281,54,1,0
BRDA:284,55,0,0
BRDA:284,55,1,0
BRDA:285,56,0,0
BRDA:285,56,1,0
BRDA:290,57,0,0
BRDA:290,57,1,0
BRDA:293,58,0,0
BRDA:293,58,1,0
BRDA:296,59,0,0
BRDA:296,59,1,0
BRDA:300,60,0,0
BRDA:300,60,1,0
BRDA:309,61,0,0
BRDA:309,61,1,0
BRDA:315,62,0,0
BRDA:315,62,1,0
BRDA:332,63,0,0
BRDA:332,63,1,5
BRDA:338,64,0,0
BRDA:338,64,1,0
BRDA:341,65,0,0
BRDA:341,65,1,0
BRDA:341,66,0,0
BRDA:341,66,1,0
BRDA:344,67,0,0
BRDA:344,67,1,0
BRDA:348,68,0,0
BRDA:348,68,1,0
BRDA:349,69,0,0
BRDA:349,69,1,0
BRDA:354,70,0,0
BRDA:354,70,1,0
BRDA:358,71,0,0
BRDA:358,71,1,0
BRDA:359,72,0,0
BRDA:359,72,1,0
BRDA:364,73,0,0
BRDA:364,73,1,0
BRDA:368,74,0,0
BRDA:368,74,1,0
BRDA:372,75,0,0
BRDA:372,75,1,0
BRDA:377,76,0,0
BRDA:377,76,1,0
BRDA:381,77,0,0
BRDA:381,77,1,0
BRDA:385,78,0,0
BRDA:385,78,1,0
BRDA:390,79,0,0
BRDA:390,79,1,0
BRDA:394,80,0,0
BRDA:394,80,1,0
BRDA:403,81,0,0
BRDA:403,81,1,0
BRDA:409,82,0,0
BRDA:409,82,1,0
BRF:169
BRH:1
end_of_record
TN:
SF:controllers\put.js
FN:25,(anonymous_0)
FN:79,(anonymous_1)
FN:107,(anonymous_2)
FN:155,(anonymous_3)
FN:221,(anonymous_4)
FN:251,(anonymous_5)
FN:280,(anonymous_6)
FN:332,(anonymous_7)
FN:382,(anonymous_8)
FN:411,(anonymous_9)
FN:450,(anonymous_10)
FN:480,(anonymous_11)
FNF:12
FNH:11
FNDA:0,(anonymous_0)
FNDA:1,(anonymous_1)
FNDA:1,(anonymous_2)
FNDA:1,(anonymous_3)
FNDA:1,(anonymous_4)
FNDA:1,(anonymous_5)
FNDA:1,(anonymous_6)
FNDA:1,(anonymous_7)
FNDA:1,(anonymous_8)
FNDA:1,(anonymous_9)
FNDA:1,(anonymous_10)
FNDA:1,(anonymous_11)
DA:1,5
DA:3,5
DA:4,5
DA:5,5
DA:6,5
DA:7,5
DA:18,5
DA:19,5
DA:20,5
DA:21,5
DA:22,5
DA:25,5
DA:26,0
DA:27,0
DA:28,0
DA:30,0
DA:31,0
DA:33,0
DA:34,0
DA:35,0
DA:43,0
DA:44,0
DA:46,0
DA:47,0
DA:49,0
DA:51,0
DA:58,0
DA:59,0
DA:61,0
DA:62,0
DA:65,0
DA:68,0
DA:69,0
DA:79,5
DA:80,1
DA:81,1
DA:82,0
DA:83,0
DA:84,0
DA:85,0
DA:94,0
DA:95,0
DA:97,0
DA:99,1
DA:102,0
DA:103,0
DA:107,5
DA:108,1
DA:109,1
DA:110,0
DA:111,0
DA:112,0
DA:114,0
DA:115,0
DA:125,0
DA:127,0
DA:138,0
DA:139,0
DA:140,0
DA:142,0
DA:145,1
DA:148,0
DA:149,0
DA:155,5
DA:156,1
DA:157,1
DA:158,0
DA:159,0
DA:160,0
DA:174,0
DA:175,0
DA:189,0
DA:191,0
DA:206,0
DA:207,0
DA:208,0
DA:210,0
DA:213,1
DA:216,0
DA:217,0
DA:221,5
DA:222,1
DA:223,1
DA:224,0
DA:226,0
DA:227,0
DA:229,0
DA:230,0
DA:237,0
DA:238,0
DA:240,0
DA:241,0
DA:243,1
DA:246,0
DA:247,0
DA:251,5
DA:252,1
DA:253,1
DA:254,0
DA:255,0
DA:256,0
DA:257,0
DA:266,0
DA:267,0
DA:269,0
DA:271,1
DA:274,0
DA:275,0
DA:280,5
DA:281,1
DA:282,1
DA:283,0
DA:293,0
DA:294,0
DA:304,0
DA:306,0
DA:317,0
DA:318,0
DA:319,0
DA:321,0
DA:324,1
DA:327,0
DA:328,0
DA:332,5
DA:333,1
DA:334,1
DA:335,0
DA:336,0
DA:338,0
DA:339,0
DA:341,0
DA:342,0
DA:343,0
DA:344,0
DA:352,0
DA:353,0
DA:355,0
DA:356,0
DA:358,0
DA:359,0
DA:360,0
DA:367,0
DA:368,0
DA:370,0
DA:371,0
DA:374,1
DA:377,0
DA:378,0
DA:382,5
DA:383,1
DA:384,1
DA:385,0
DA:386,0
DA:387,0
DA:388,0
DA:397,0
DA:398,0
DA:400,0
DA:402,1
DA:405,0
DA:406,0
DA:411,5
DA:412,1
DA:413,1
DA:414,0
DA:415,0
DA:416,0
DA:417,0
DA:418,0
DA:425,0
DA:427,0
DA:435,0
DA:436,0
DA:437,0
DA:439,0
DA:442,1
DA:445,0
DA:446,0
DA:450,5
DA:451,1
DA:452,1
DA:453,0
DA:454,0
DA:455,0
DA:457,0
DA:458,0
DA:465,0
DA:466,0
DA:468,0
DA:469,0
DA:471,1
DA:474,0
DA:475,0
DA:480,5
DA:481,1
DA:482,1
DA:483,0
DA:484,0
DA:488,0
DA:489,0
DA:490,0
DA:498,0
DA:500,0
DA:505,0
DA:506,0
DA:507,0
DA:509,0
DA:512,1
DA:515,0
DA:516,0
DA:520,5
LF:211
LH:57
BRDA:27,0,0,0
BRDA:27,0,1,0
BRDA:30,1,0,0
BRDA:30,1,1,0
BRDA:33,2,0,0
BRDA:33,2,1,0
BRDA:43,3,0,0
BRDA:43,3,1,0
BRDA:58,4,0,0
BRDA:58,4,1,0
BRDA:81,5,0,0
BRDA:81,5,1,1
BRDA:94,6,0,0
BRDA:94,6,1,0
BRDA:109,7,0,0
BRDA:109,7,1,1
BRDA:115,8,0,0
BRDA:115,8,1,0
BRDA:116,9,0,0
BRDA:116,9,1,0
BRDA:116,9,2,0
BRDA:116,9,3,0
BRDA:116,9,4,0
BRDA:116,9,5,0
BRDA:116,9,6,0
BRDA:116,9,7,0
BRDA:139,10,0,0
BRDA:139,10,1,0
BRDA:157,11,0,0
BRDA:157,11,1,1
BRDA:175,12,0,0
BRDA:175,12,1,0
BRDA:176,13,0,0
BRDA:176,13,1,0
BRDA:176,13,2,0
BRDA:176,13,3,0
BRDA:176,13,4,0
BRDA:176,13,5,0
BRDA:176,13,6,0
BRDA:176,13,7,0
BRDA:176,13,8,0
BRDA:176,13,9,0
BRDA:176,13,10,0
BRDA:176,13,11,0
BRDA:207,14,0,0
BRDA:207,14,1,0
BRDA:223,15,0,0
BRDA:223,15,1,1
BRDA:226,16,0,0
BRDA:226,16,1,0
BRDA:237,17,0,0
BRDA:237,17,1,0
BRDA:253,18,0,0
BRDA:253,18,1,1
BRDA:266,19,0,0
BRDA:266,19,1,0
BRDA:282,20,0,0
BRDA:282,20,1,1
BRDA:294,21,0,0
BRDA:294,21,1,0
BRDA:295,22,0,0
BRDA:295,22,1,0
BRDA:295,22,2,0
BRDA:295,22,3,0
BRDA:295,22,4,0
BRDA:295,22,5,0
BRDA:295,22,6,0
BRDA:295,22,7,0
BRDA:318,23,0,0
BRDA:318,23,1,0
BRDA:334,24,0,0
BRDA:334,24,1,1
BRDA:338,25,0,0
BRDA:338,25,1,0
BRDA:341,26,0,0
BRDA:341,26,1,0
BRDA:341,27,0,0
BRDA:341,27,1,0
BRDA:352,28,0,0
BRDA:352,28,1,0
BRDA:367,29,0,0
BRDA:367,29,1,0
BRDA:384,30,0,0
BRDA:384,30,1,1
BRDA:397,31,0,0
BRDA:397,31,1,0
BRDA:413,32,0,0
BRDA:413,32,1,1
BRDA:418,33,0,0
BRDA:418,33,1,0
BRDA:419,34,0,0
BRDA:419,34,1,0
BRDA:419,34,2,0
BRDA:419,34,3,0
BRDA:419,34,4,0
BRDA:436,35,0,0
BRDA:436,35,1,0
BRDA:452,36,0,0
BRDA:452,36,1,1
BRDA:454,37,0,0
BRDA:454,37,1,0
BRDA:465,38,0,0
BRDA:465,38,1,0
BRDA:482,39,0,0
BRDA:482,39,1,1
BRDA:490,40,0,0
BRDA:490,40,1,0
BRDA:491,41,0,0
BRDA:491,41,1,0
BRDA:491,41,2,0
BRDA:491,41,3,0
BRDA:491,41,4,0
BRDA:491,41,5,0
BRDA:506,42,0,0
BRDA:506,42,1,0
BRF:115
BRH:11
end_of_record
TN:
SF:db\connect
FN:8,(anonymous_0)
FN:23,(anonymous_1)
FN:27,(anonymous_2)
FN:32,(anonymous_3)
FNF:4
FNH:2
FNDA:5,(anonymous_0)
FNDA:0,(anonymous_1)
FNDA:0,(anonymous_2)
FNDA:5,(anonymous_3)
DA:1,5
DA:2,5
DA:3,5
DA:4,5
DA:8,5
DA:9,5
DA:10,0
DA:11,0
DA:13,5
DA:14,5
DA:20,0
DA:22,0
DA:24,0
DA:25,0
DA:28,0
DA:32,5
DA:33,5
DA:34,5
DA:36,0
DA:39,5
LF:20
LH:12
BRDA:9,0,0,0
BRDA:9,0,1,5
BRDA:33,1,0,5
BRDA:33,1,1,0
BRF:4
BRH:2
end_of_record
TN:
SF:models\accmodel.js
FNF:0
FNH:0
DA:1,5
DA:3,5
DA:38,5
DA:40,5
LF:4
LH:4
BRF:0
BRH:0
end_of_record
TN:
SF:models\bookmodel.js
FNF:0
FNH:0
DA:1,5
DA:3,5
DA:54,5
DA:56,5
LF:4
LH:4
BRF:0
BRH:0
end_of_record
TN:
SF:models\historymodel.js
FNF:0
FNH:0
DA:1,5
DA:3,5
DA:32,5
DA:34,5
LF:4
LH:4
BRF:0
BRH:0
end_of_record
TN:
SF:models\libmodel.js
FNF:0
FNH:0
DA:1,5
DA:3,5
DA:38,5
DA:39,5
LF:4
LH:4
BRF:0
BRH:0
end_of_record
TN:
SF:models\statusmodel.js
FNF:0
FNH:0
DA:1,5
DA:3,5
DA:26,5
DA:28,5
LF:4
LH:4
BRF:0
BRH:0
end_of_record
TN:
SF:routes\delete.js
FNF:0
FNH:0
DA:1,5
DA:2,5
DA:3,5
DA:5,5
DA:6,5
DA:8,5
DA:9,5
DA:11,5
DA:12,5
DA:14,5
DA:16,5
DA:18,5
LF:12
LH:12
BRF:0
BRH:0
end_of_record
TN:
SF:routes\get.js
FNF:0
FNH:0
DA:1,5
DA:2,5
DA:7,5
DA:9,5
DA:11,5
DA:14,5
DA:16,5
DA:18,5
DA:21,5
DA:23,5
DA:25,5
DA:28,5
DA:30,5
DA:33,5
DA:35,5
DA:37,5
LF:16
LH:16
BRF:0
BRH:0
end_of_record
TN:
SF:routes\index.js
FN:3,(anonymous_0)
FNF:1
FNH:1
FNDA:1,(anonymous_0)
DA:1,5
DA:3,5
DA:4,1
DA:10,5
DA:11,5
DA:12,5
DA:13,5
DA:14,5
DA:16,5
LF:9
LH:9
BRF:0
BRH:0
end_of_record
TN:
SF:routes\post.js
FNF:0
FNH:0
DA:1,5
DA:2,5
DA:5,5
DA:7,5
DA:9,5
DA:11,5
DA:13,5
DA:15,5
LF:8
LH:8
BRF:0
BRH:0
end_of_record
TN:
SF:routes\put.js
FN:5,(anonymous_0)
FN:8,(anonymous_1)
FNF:2
FNH:0
FNDA:0,(anonymous_0)
FNDA:0,(anonymous_1)
DA:1,5
DA:2,5
DA:3,5
DA:4,5
DA:6,0
DA:9,0
DA:12,5
DA:15,5
DA:20,5
DA:24,5
DA:27,5
DA:32,5
DA:33,5
DA:36,5
DA:41,5
DA:45,5
DA:48,5
DA:49,5
DA:55,5
DA:57,5
LF:20
LH:18
BRF:0
BRH:0
end_of_record
TN:
SF:routes\swagger.js
FNF:0
FNH:0
DA:1,5
DA:2,5
DA:3,5
DA:4,5
DA:5,5
DA:7,5
LF:6
LH:6
BRF:0
BRH:0
end_of_record
