TN:
SF:server.js
FN:15,(anonymous_0)
FN:21,(anonymous_1)
FNF:2
FNH:1
FNDA:25,(anonymous_0)
FNDA:0,(anonymous_1)
DA:1,5
DA:2,5
DA:3,5
DA:4,5
DA:5,5
DA:7,5
DA:8,5
DA:9,5
DA:11,5
DA:12,5
DA:13,5
DA:16,25
DA:17,25
DA:21,5
DA:22,0
DA:23,0
DA:24,0
DA:25,0
DA:30,5
LF:19
LH:15
BRDA:7,0,0,5
BRDA:7,0,1,5
BRDA:22,1,0,0
BRDA:22,1,1,0
BRDA:24,2,0,0
BRDA:24,2,1,0
BRF:6
BRH:2
end_of_record
TN:
SF:controllers\delete.js
FN:4,(anonymous_0)
FN:24,(anonymous_1)
FN:48,(anonymous_2)
FN:72,(anonymous_3)
FN:96,(anonymous_4)
FN:120,(anonymous_5)
FN:144,(anonymous_6)
FN:168,(anonymous_7)
FN:192,(anonymous_8)
FNF:9
FNH:7
FNDA:0,(anonymous_0)
FNDA:1,(anonymous_1)
FNDA:1,(anonymous_2)
FNDA:1,(anonymous_3)
FNDA:1,(anonymous_4)
FNDA:1,(anonymous_5)
FNDA:0,(anonymous_6)
FNDA:1,(anonymous_7)
FNDA:1,(anonymous_8)
DA:1,5
DA:2,5
DA:4,5
DA:5,0
DA:6,0
DA:11,0
DA:12,0
DA:13,0
DA:15,0
DA:18,0
DA:24,5
DA:25,1
DA:26,1
DA:27,0
DA:28,0
DA:30,0
DA:35,0
DA:36,0
DA:37,0
DA:39,0
DA:42,1
DA:48,5
DA:49,1
DA:50,1
DA:51,0
DA:52,0
DA:54,0
DA:59,0
DA:60,0
DA:61,0
DA:63,0
DA:66,1
DA:72,5
DA:73,1
DA:74,1
DA:75,0
DA:76,0
DA:78,0
DA:83,0
DA:84,0
DA:85,0
DA:87,0
DA:90,1
DA:96,5
DA:97,1
DA:98,1
DA:99,0
DA:100,0
DA:102,0
DA:107,0
DA:108,0
DA:109,0
DA:111,0
DA:114,1
DA:120,5
DA:121,1
DA:122,1
DA:123,0
DA:124,0
DA:126,0
DA:131,0
DA:132,0
DA:133,0
DA:135,0
DA:138,1
DA:144,5
DA:145,0
DA:146,0
DA:147,0
DA:148,0
DA:150,0
DA:155,0
DA:156,0
DA:157,0
DA:159,0
DA:162,0
DA:168,5
DA:169,1
DA:170,1
DA:171,0
DA:172,0
DA:174,0
DA:179,0
DA:180,0
DA:181,0
DA:183,0
DA:186,1
DA:192,5
DA:193,1
DA:194,1
DA:195,0
DA:196,0
DA:198,0
DA:203,0
DA:204,0
DA:205,0
DA:207,0
DA:210,1
DA:216,5
LF:99
LH:33
BRDA:12,0,0,0
BRDA:12,0,1,0
BRDA:27,1,0,0
BRDA:27,1,1,0
BRDA:36,2,0,0
BRDA:36,2,1,0
BRDA:51,3,0,0
BRDA:51,3,1,0
BRDA:60,4,0,0
BRDA:60,4,1,0
BRDA:75,5,0,0
BRDA:75,5,1,0
BRDA:84,6,0,0
BRDA:84,6,1,0
BRDA:99,7,0,0
BRDA:99,7,1,0
BRDA:108,8,0,0
BRDA:108,8,1,0
BRDA:123,9,0,0
BRDA:123,9,1,0
BRDA:132,10,0,0
BRDA:132,10,1,0
BRDA:147,11,0,0
BRDA:147,11,1,0
BRDA:156,12,0,0
BRDA:156,12,1,0
BRDA:171,13,0,0
BRDA:171,13,1,0
BRDA:180,14,0,0
BRDA:180,14,1,0
BRDA:195,15,0,0
BRDA:195,15,1,0
BRDA:204,16,0,0
BRDA:204,16,1,0
BRF:34
BRH:0
end_of_record
TN:
SF:controllers\get.js
FN:7,(anonymous_0)
FN:10,(anonymous_1)
FN:19,(anonymous_2)
FN:27,(anonymous_3)
FN:36,(anonymous_4)
FN:59,(anonymous_5)
FN:69,(anonymous_6)
FN:79,(anonymous_7)
FN:89,(anonymous_8)
FN:99,(anonymous_9)
FN:109,(anonymous_10)
FN:119,(anonymous_11)
FN:129,(anonymous_12)
FN:142,(anonymous_13)
FN:145,(anonymous_14)
FN:154,(anonymous_15)
FN:162,(anonymous_16)
FN:171,(anonymous_17)
FN:198,(anonymous_18)
FN:208,(anonymous_19)
FN:218,(anonymous_20)
FN:228,(anonymous_21)
FN:238,(anonymous_22)
FN:248,(anonymous_23)
FN:258,(anonymous_24)
FN:268,(anonymous_25)
FN:278,(anonymous_26)
FN:288,(anonymous_27)
FN:298,(anonymous_28)
FN:308,(anonymous_29)
FN:318,(anonymous_30)
FN:331,(anonymous_31)
FN:334,(anonymous_32)
FN:343,(anonymous_33)
FN:351,(anonymous_34)
FN:360,(anonymous_35)
FN:385,(anonymous_36)
FN:396,(anonymous_37)
FN:406,(anonymous_38)
FN:416,(anonymous_39)
FN:426,(anonymous_40)
FN:436,(anonymous_41)
FN:446,(anonymous_42)
FN:456,(anonymous_43)
FN:471,(anonymous_44)
FN:474,(anonymous_45)
FN:483,(anonymous_46)
FN:502,(anonymous_47)
FN:513,(anonymous_48)
FN:523,(anonymous_49)
FN:533,(anonymous_50)
FN:543,(anonymous_51)
FN:556,(anonymous_52)
FN:559,(anonymous_53)
FN:568,(anonymous_54)
FN:576,(anonymous_55)
FNF:56
FNH:9
FNDA:1,(anonymous_0)
FNDA:0,(anonymous_1)
FNDA:1,(anonymous_2)
FNDA:0,(anonymous_3)
FNDA:0,(anonymous_4)
FNDA:0,(anonymous_5)
FNDA:0,(anonymous_6)
FNDA:0,(anonymous_7)
FNDA:0,(anonymous_8)
FNDA:0,(anonymous_9)
FNDA:0,(anonymous_10)
FNDA:0,(anonymous_11)
FNDA:0,(anonymous_12)
FNDA:1,(anonymous_13)
FNDA:0,(anonymous_14)
FNDA:1,(anonymous_15)
FNDA:0,(anonymous_16)
FNDA:0,(anonymous_17)
FNDA:0,(anonymous_18)
FNDA:0,(anonymous_19)
FNDA:0,(anonymous_20)
FNDA:0,(anonymous_21)
FNDA:0,(anonymous_22)
FNDA:0,(anonymous_23)
FNDA:0,(anonymous_24)
FNDA:0,(anonymous_25)
FNDA:0,(anonymous_26)
FNDA:0,(anonymous_27)
FNDA:0,(anonymous_28)
FNDA:0,(anonymous_29)
FNDA:0,(anonymous_30)
FNDA:1,(anonymous_31)
FNDA:0,(anonymous_32)
FNDA:1,(anonymous_33)
FNDA:0,(anonymous_34)
FNDA:0,(anonymous_35)
FNDA:0,(anonymous_36)
FNDA:0,(anonymous_37)
FNDA:0,(anonymous_38)
FNDA:0,(anonymous_39)
FNDA:0,(anonymous_40)
FNDA:0,(anonymous_41)
FNDA:0,(anonymous_42)
FNDA:0,(anonymous_43)
FNDA:1,(anonymous_44)
FNDA:0,(anonymous_45)
FNDA:0,(anonymous_46)
FNDA:0,(anonymous_47)
FNDA:0,(anonymous_48)
FNDA:0,(anonymous_49)
FNDA:0,(anonymous_50)
FNDA:0,(anonymous_51)
FNDA:1,(anonymous_52)
FNDA:0,(anonymous_53)
FNDA:1,(anonymous_54)
FNDA:0,(anonymous_55)
DA:1,5
DA:2,5
DA:3,5
DA:7,5
DA:8,1
DA:9,1
DA:10,0
DA:11,0
DA:12,0
DA:15,1
DA:19,5
DA:20,1
DA:21,1
DA:22,0
DA:27,0
DA:28,0
DA:29,0
DA:32,1
DA:36,5
DA:37,0
DA:38,0
DA:49,0
DA:50,0
DA:51,0
DA:52,0
DA:53,0
DA:54,0
DA:59,0
DA:60,0
DA:61,0
DA:63,0
DA:64,0
DA:69,0
DA:70,0
DA:71,0
DA:73,0
DA:74,0
DA:79,0
DA:80,0
DA:81,0
DA:83,0
DA:84,0
DA:89,0
DA:90,0
DA:91,0
DA:93,0
DA:94,0
DA:99,0
DA:100,0
DA:101,0
DA:103,0
DA:104,0
DA:109,0
DA:110,0
DA:111,0
DA:113,0
DA:114,0
DA:119,0
DA:120,0
DA:121,0
DA:123,0
DA:124,0
DA:129,0
DA:130,0
DA:131,0
DA:134,0
DA:137,0
DA:142,5
DA:143,1
DA:144,1
DA:145,0
DA:146,0
DA:147,0
DA:150,1
DA:154,5
DA:155,1
DA:156,1
DA:157,0
DA:162,0
DA:163,0
DA:164,0
DA:167,1
DA:171,5
DA:172,0
DA:173,0
DA:188,0
DA:189,0
DA:190,0
DA:191,0
DA:192,0
DA:193,0
DA:198,0
DA:199,0
DA:200,0
DA:202,0
DA:203,0
DA:208,0
DA:209,0
DA:210,0
DA:212,0
DA:213,0
DA:218,0
DA:219,0
DA:220,0
DA:222,0
DA:223,0
DA:228,0
DA:229,0
DA:230,0
DA:232,0
DA:233,0
DA:238,0
DA:239,0
DA:240,0
DA:242,0
DA:243,0
DA:248,0
DA:249,0
DA:250,0
DA:252,0
DA:253,0
DA:258,0
DA:259,0
DA:260,0
DA:262,0
DA:263,0
DA:268,0
DA:269,0
DA:270,0
DA:272,0
DA:273,0
DA:278,0
DA:279,0
DA:280,0
DA:282,0
DA:283,0
DA:288,0
DA:289,0
DA:290,0
DA:292,0
DA:293,0
DA:298,0
DA:299,0
DA:300,0
DA:302,0
DA:303,0
DA:308,0
DA:309,0
DA:310,0
DA:312,0
DA:313,0
DA:318,0
DA:319,0
DA:320,0
DA:323,0
DA:326,0
DA:331,5
DA:332,1
DA:333,1
DA:334,0
DA:335,0
DA:336,0
DA:339,1
DA:343,5
DA:344,1
DA:345,1
DA:346,0
DA:351,0
DA:352,0
DA:353,0
DA:356,1
DA:360,5
DA:361,0
DA:362,0
DA:372,0
DA:373,0
DA:374,0
DA:375,0
DA:376,0
DA:377,0
DA:378,0
DA:380,0
DA:385,0
DA:386,0
DA:387,0
DA:390,0
DA:391,0
DA:396,0
DA:397,0
DA:398,0
DA:400,0
DA:401,0
DA:406,0
DA:407,0
DA:408,0
DA:410,0
DA:411,0
DA:416,0
DA:417,0
DA:418,0
DA:420,0
DA:421,0
DA:426,0
DA:427,0
DA:428,0
DA:430,0
DA:431,0
DA:436,0
DA:437,0
DA:438,0
DA:440,0
DA:441,0
DA:446,0
DA:447,0
DA:448,0
DA:450,0
DA:451,0
DA:456,0
DA:457,0
DA:458,0
DA:461,0
DA:464,0
DA:471,5
DA:472,1
DA:473,1
DA:474,0
DA:475,0
DA:476,0
DA:479,1
DA:483,5
DA:484,0
DA:485,0
DA:492,0
DA:493,0
DA:494,0
DA:495,0
DA:496,0
DA:497,0
DA:502,0
DA:503,0
DA:504,0
DA:506,0
DA:507,0
DA:508,0
DA:513,0
DA:514,0
DA:515,0
DA:517,0
DA:518,0
DA:523,0
DA:524,0
DA:525,0
DA:527,0
DA:528,0
DA:533,0
DA:534,0
DA:535,0
DA:537,0
DA:538,0
DA:543,0
DA:544,0
DA:545,0
DA:548,0
DA:551,0
DA:556,5
DA:557,1
DA:558,1
DA:559,0
DA:560,0
DA:561,0
DA:564,1
DA:568,5
DA:569,1
DA:570,1
DA:571,0
DA:576,0
DA:577,0
DA:578,0
DA:581,1
DA:585,5
LF:280
LH:44
BRDA:50,0,0,0
BRDA:50,0,1,0
BRDA:53,1,0,0
BRDA:53,1,1,0
BRDA:63,2,0,0
BRDA:63,2,1,0
BRDA:73,3,0,0
BRDA:73,3,1,0
BRDA:83,4,0,0
BRDA:83,4,1,0
BRDA:93,5,0,0
BRDA:93,5,1,0
BRDA:103,6,0,0
BRDA:103,6,1,0
BRDA:113,7,0,0
BRDA:113,7,1,0
BRDA:123,8,0,0
BRDA:123,8,1,0
BRDA:189,9,0,0
BRDA:189,9,1,0
BRDA:192,10,0,0
BRDA:192,10,1,0
BRDA:202,11,0,0
BRDA:202,11,1,0
BRDA:212,12,0,0
BRDA:212,12,1,0
BRDA:222,13,0,0
BRDA:222,13,1,0
BRDA:232,14,0,0
BRDA:232,14,1,0
BRDA:242,15,0,0
BRDA:242,15,1,0
BRDA:252,16,0,0
BRDA:252,16,1,0
BRDA:262,17,0,0
BRDA:262,17,1,0
BRDA:272,18,0,0
BRDA:272,18,1,0
BRDA:282,19,0,0
BRDA:282,19,1,0
BRDA:292,20,0,0
BRDA:292,20,1,0
BRDA:302,21,0,0
BRDA:302,21,1,0
BRDA:312,22,0,0
BRDA:312,22,1,0
BRDA:373,23,0,0
BRDA:373,23,1,0
BRDA:376,24,0,0
BRDA:376,24,1,0
BRDA:377,25,0,0
BRDA:377,25,1,0
BRDA:390,26,0,0
BRDA:390,26,1,0
BRDA:400,27,0,0
BRDA:400,27,1,0
BRDA:410,28,0,0
BRDA:410,28,1,0
BRDA:420,29,0,0
BRDA:420,29,1,0
BRDA:430,30,0,0
BRDA:430,30,1,0
BRDA:440,31,0,0
BRDA:440,31,1,0
BRDA:450,32,0,0
BRDA:450,32,1,0
BRDA:493,33,0,0
BRDA:493,33,1,0
BRDA:496,34,0,0
BRDA:496,34,1,0
BRDA:506,35,0,0
BRDA:506,35,1,0
BRDA:517,36,0,0
BRDA:517,36,1,0
BRDA:527,37,0,0
BRDA:527,37,1,0
BRDA:537,38,0,0
BRDA:537,38,1,0
BRF:78
BRH:0
end_of_record
TN:
SF:controllers\post.js
FN:4,(anonymous_0)
FN:83,(anonymous_1)
FN:177,(anonymous_2)
FN:252,(anonymous_3)
FN:316,(anonymous_4)
FNF:5
FNH:1
FNDA:0,(anonymous_0)
FNDA:0,(anonymous_1)
FNDA:0,(anonymous_2)
FNDA:0,(anonymous_3)
FNDA:5,(anonymous_4)
DA:1,5
DA:2,5
DA:4,5
DA:5,0
DA:6,0
DA:7,0
DA:17,0
DA:18,0
DA:20,0
DA:21,0
DA:23,0
DA:24,0
DA:27,0
DA:28,0
DA:31,0
DA:32,0
DA:34,0
DA:39,0
DA:42,0
DA:43,0
DA:45,0
DA:46,0
DA:48,0
DA:49,0
DA:51,0
DA:52,0
DA:54,0
DA:55,0
DA:56,0
DA:58,0
DA:63,0
DA:64,0
DA:66,0
DA:75,0
DA:83,5
DA:84,0
DA:85,0
DA:86,0
DA:100,0
DA:101,0
DA:103,0
DA:107,0
DA:109,0
DA:110,0
DA:112,0
DA:113,0
DA:115,0
DA:116,0
DA:118,0
DA:119,0
DA:121,0
DA:122,0
DA:124,0
DA:129,0
DA:132,0
DA:133,0
DA:135,0
DA:136,0
DA:138,0
DA:139,0
DA:141,0
DA:142,0
DA:144,0
DA:145,0
DA:147,0
DA:148,0
DA:150,0
DA:151,0
DA:152,0
DA:154,0
DA:159,0
DA:160,0
DA:162,0
DA:171,0
DA:177,5
DA:178,0
DA:179,0
DA:180,0
DA:190,0
DA:191,0
DA:193,0
DA:197,0
DA:199,0
DA:200,0
DA:202,0
DA:203,0
DA:205,0
DA:206,0
DA:208,0
DA:213,0
DA:216,0
DA:217,0
DA:219,0
DA:220,0
DA:222,0
DA:223,0
DA:225,0
DA:226,0
DA:227,0
DA:229,0
DA:234,0
DA:235,0
DA:237,0
DA:246,0
DA:252,5
DA:253,0
DA:254,0
DA:255,0
DA:262,0
DA:263,0
DA:265,0
DA:269,0
DA:271,0
DA:272,0
DA:274,0
DA:278,0
DA:280,0
DA:281,0
DA:283,0
DA:284,0
DA:286,0
DA:287,0
DA:289,0
DA:290,0
DA:291,0
DA:293,0
DA:298,0
DA:299,0
DA:301,0
DA:310,0
DA:316,5
DA:317,5
DA:318,5
DA:319,5
DA:323,5
DA:324,5
DA:325,5
DA:327,5
DA:331,0
DA:333,5
DA:334,0
DA:336,0
DA:340,0
DA:342,0
DA:343,0
DA:345,0
DA:349,0
DA:351,0
DA:352,0
DA:354,0
DA:355,0
DA:358,0
DA:359,0
DA:362,0
DA:363,0
DA:365,0
DA:366,0
DA:369,0
DA:370,0
DA:373,0
DA:374,0
DA:376,0
DA:377,0
DA:378,0
DA:380,0
DA:385,0
DA:386,0
DA:388,0
DA:397,5
DA:403,5
LF:170
LH:17
BRDA:17,0,0,0
BRDA:17,0,1,0
BRDA:20,1,0,0
BRDA:20,1,1,0
BRDA:23,2,0,0
BRDA:23,2,1,0
BRDA:27,3,0,0
BRDA:27,3,1,0
BRDA:31,4,0,0
BRDA:31,4,1,0
BRDA:34,5,0,0
BRDA:34,5,1,0
BRDA:35,6,0,0
BRDA:35,6,1,0
BRDA:35,6,2,0
BRDA:42,7,0,0
BRDA:42,7,1,0
BRDA:45,8,0,0
BRDA:45,8,1,0
BRDA:48,9,0,0
BRDA:48,9,1,0
BRDA:51,10,0,0
BRDA:51,10,1,0
BRDA:54,11,0,0
BRDA:54,11,1,0
BRDA:63,12,0,0
BRDA:63,12,1,0
BRDA:69,13,0,0
BRDA:69,13,1,0
BRDA:100,14,0,0
BRDA:100,14,1,0
BRDA:103,15,0,0
BRDA:103,15,1,0
BRDA:104,16,0,0
BRDA:104,16,1,0
BRDA:109,17,0,0
BRDA:109,17,1,0
BRDA:112,18,0,0
BRDA:112,18,1,0
BRDA:115,19,0,0
BRDA:115,19,1,0
BRDA:118,20,0,0
BRDA:118,20,1,0
BRDA:121,21,0,0
BRDA:121,21,1,0
BRDA:124,22,0,0
BRDA:124,22,1,0
BRDA:125,23,0,0
BRDA:125,23,1,0
BRDA:125,23,2,0
BRDA:132,24,0,0
BRDA:132,24,1,0
BRDA:135,25,0,0
BRDA:135,25,1,0
BRDA:138,26,0,0
BRDA:138,26,1,0
BRDA:141,27,0,0
BRDA:141,27,1,0
BRDA:144,28,0,0
BRDA:144,28,1,0
BRDA:147,29,0,0
BRDA:147,29,1,0
BRDA:150,30,0,0
BRDA:150,30,1,0
BRDA:159,31,0,0
BRDA:159,31,1,0
BRDA:165,32,0,0
BRDA:165,32,1,0
BRDA:190,33,0,0
BRDA:190,33,1,0
BRDA:193,34,0,0
BRDA:193,34,1,0
BRDA:194,35,0,0
BRDA:194,35,1,0
BRDA:199,36,0,0
BRDA:199,36,1,0
BRDA:202,37,0,0
BRDA:202,37,1,0
BRDA:205,38,0,0
BRDA:205,38,1,0
BRDA:208,39,0,0
BRDA:208,39,1,0
BRDA:209,40,0,0
BRDA:209,40,1,0
BRDA:209,40,2,0
BRDA:216,41,0,0
BRDA:216,41,1,0
BRDA:219,42,0,0
BRDA:219,42,1,0
BRDA:222,43,0,0
BRDA:222,43,1,0
BRDA:225,44,0,0
BRDA:225,44,1,0
BRDA:234,45,0,0
BRDA:234,45,1,0
BRDA:240,46,0,0
BRDA:240,46,1,0
BRDA:262,47,0,0
BRDA:262,47,1,0
BRDA:265,48,0,0
BRDA:265,48,1,0
BRDA:266,49,0,0
BRDA:266,49,1,0
BRDA:271,50,0,0
BRDA:271,50,1,0
BRDA:274,51,0,0
BRDA:274,51,1,0
BRDA:275,52,0,0
BRDA:275,52,1,0
BRDA:280,53,0,0
BRDA:280,53,1,0
BRDA:283,54,0,0
BRDA:283,54,1,0
BRDA:286,55,0,0
BRDA:286,55,1,0
BRDA:289,56,0,0
BRDA:289,56,1,0
BRDA:298,57,0,0
BRDA:298,57,1,0
BRDA:304,58,0,0
BRDA:304,58,1,0
BRDA:324,59,0,5
BRDA:324,59,1,0
BRDA:327,60,0,0
BRDA:327,60,1,5
BRDA:328,61,0,5
BRDA:328,61,1,0
BRDA:333,62,0,0
BRDA:333,62,1,0
BRDA:336,63,0,0
BRDA:336,63,1,0
BRDA:337,64,0,0
BRDA:337,64,1,0
BRDA:342,65,0,0
BRDA:342,65,1,0
BRDA:345,66,0,0
BRDA:345,66,1,0
BRDA:346,67,0,0
BRDA:346,67,1,0
BRDA:351,68,0,0
BRDA:351,68,1,0
BRDA:354,69,0,0
BRDA:354,69,1,0
BRDA:358,70,0,0
BRDA:358,70,1,0
BRDA:362,71,0,0
BRDA:362,71,1,0
BRDA:365,72,0,0
BRDA:365,72,1,0
BRDA:369,73,0,0
BRDA:369,73,1,0
BRDA:373,74,0,0
BRDA:373,74,1,0
BRDA:376,75,0,0
BRDA:376,75,1,0
BRDA:385,76,0,0
BRDA:385,76,1,0
BRDA:391,77,0,0
BRDA:391,77,1,0
BRF:159
BRH:3
end_of_record
TN:
SF:controllers\put.js
FN:25,(anonymous_0)
FN:77,(anonymous_1)
FN:97,(anonymous_2)
FN:141,(anonymous_3)
FN:203,(anonymous_4)
FN:230,(anonymous_5)
FN:250,(anonymous_6)
FN:298,(anonymous_7)
FN:346,(anonymous_8)
FN:367,(anonymous_9)
FN:402,(anonymous_10)
FN:429,(anonymous_11)
FNF:12
FNH:0
FNDA:0,(anonymous_0)
FNDA:0,(anonymous_1)
FNDA:0,(anonymous_2)
FNDA:0,(anonymous_3)
FNDA:0,(anonymous_4)
FNDA:0,(anonymous_5)
FNDA:0,(anonymous_6)
FNDA:0,(anonymous_7)
FNDA:0,(anonymous_8)
FNDA:0,(anonymous_9)
FNDA:0,(anonymous_10)
FNDA:0,(anonymous_11)
DA:1,5
DA:3,5
DA:4,5
DA:5,5
DA:6,5
DA:7,5
DA:18,5
DA:19,5
DA:20,5
DA:21,5
DA:22,5
DA:25,5
DA:26,0
DA:27,0
DA:28,0
DA:30,0
DA:31,0
DA:33,0
DA:34,0
DA:35,0
DA:43,0
DA:44,0
DA:46,0
DA:47,0
DA:49,0
DA:51,0
DA:58,0
DA:59,0
DA:60,0
DA:62,0
DA:63,0
DA:66,0
DA:67,0
DA:77,5
DA:78,0
DA:79,0
DA:80,0
DA:81,0
DA:82,0
DA:91,0
DA:92,0
DA:94,0
DA:97,5
DA:98,0
DA:99,0
DA:100,0
DA:101,0
DA:103,0
DA:104,0
DA:114,0
DA:116,0
DA:127,0
DA:128,0
DA:129,0
DA:131,0
DA:134,0
DA:135,0
DA:141,5
DA:142,0
DA:143,0
DA:144,0
DA:145,0
DA:159,0
DA:160,0
DA:174,0
DA:176,0
DA:191,0
DA:192,0
DA:193,0
DA:195,0
DA:198,0
DA:199,0
DA:203,5
DA:204,0
DA:205,0
DA:207,0
DA:208,0
DA:210,0
DA:211,0
DA:218,0
DA:219,0
DA:220,0
DA:222,0
DA:223,0
DA:225,0
DA:226,0
DA:230,5
DA:231,0
DA:232,0
DA:233,0
DA:234,0
DA:243,0
DA:244,0
DA:246,0
DA:250,5
DA:251,0
DA:252,0
DA:262,0
DA:263,0
DA:273,0
DA:275,0
DA:286,0
DA:287,0
DA:288,0
DA:290,0
DA:293,0
DA:294,0
DA:298,5
DA:299,0
DA:300,0
DA:301,0
DA:303,0
DA:304,0
DA:306,0
DA:307,0
DA:308,0
DA:309,0
DA:317,0
DA:318,0
DA:320,0
DA:321,0
DA:323,0
DA:324,0
DA:325,0
DA:326,0
DA:333,0
DA:334,0
DA:335,0
DA:337,0
DA:338,0
DA:341,0
DA:342,0
DA:346,5
DA:347,0
DA:348,0
DA:349,0
DA:350,0
DA:351,0
DA:360,0
DA:361,0
DA:363,0
DA:367,5
DA:368,0
DA:369,0
DA:370,0
DA:371,0
DA:372,0
DA:373,0
DA:380,0
DA:382,0
DA:390,0
DA:391,0
DA:392,0
DA:394,0
DA:397,0
DA:398,0
DA:402,5
DA:403,0
DA:404,0
DA:405,0
DA:406,0
DA:408,0
DA:409,0
DA:416,0
DA:417,0
DA:418,0
DA:420,0
DA:421,0
DA:423,0
DA:424,0
DA:429,5
DA:430,0
DA:431,0
DA:432,0
DA:436,0
DA:437,0
DA:438,0
DA:446,0
DA:448,0
DA:453,0
DA:454,0
DA:455,0
DA:457,0
DA:460,0
DA:461,0
DA:465,5
LF:186
LH:24
BRDA:30,0,0,0
BRDA:30,0,1,0
BRDA:33,1,0,0
BRDA:33,1,1,0
BRDA:43,2,0,0
BRDA:43,2,1,0
BRDA:59,3,0,0
BRDA:59,3,1,0
BRDA:91,4,0,0
BRDA:91,4,1,0
BRDA:104,5,0,0
BRDA:104,5,1,0
BRDA:105,6,0,0
BRDA:105,6,1,0
BRDA:105,6,2,0
BRDA:105,6,3,0
BRDA:105,6,4,0
BRDA:105,6,5,0
BRDA:105,6,6,0
BRDA:105,6,7,0
BRDA:128,7,0,0
BRDA:128,7,1,0
BRDA:160,8,0,0
BRDA:160,8,1,0
BRDA:161,9,0,0
BRDA:161,9,1,0
BRDA:161,9,2,0
BRDA:161,9,3,0
BRDA:161,9,4,0
BRDA:161,9,5,0
BRDA:161,9,6,0
BRDA:161,9,7,0
BRDA:161,9,8,0
BRDA:161,9,9,0
BRDA:161,9,10,0
BRDA:161,9,11,0
BRDA:192,10,0,0
BRDA:192,10,1,0
BRDA:207,11,0,0
BRDA:207,11,1,0
BRDA:219,12,0,0
BRDA:219,12,1,0
BRDA:243,13,0,0
BRDA:243,13,1,0
BRDA:263,14,0,0
BRDA:263,14,1,0
BRDA:264,15,0,0
BRDA:264,15,1,0
BRDA:264,15,2,0
BRDA:264,15,3,0
BRDA:264,15,4,0
BRDA:264,15,5,0
BRDA:264,15,6,0
BRDA:264,15,7,0
BRDA:287,16,0,0
BRDA:287,16,1,0
BRDA:303,17,0,0
BRDA:303,17,1,0
BRDA:306,18,0,0
BRDA:306,18,1,0
BRDA:306,19,0,0
BRDA:306,19,1,0
BRDA:317,20,0,0
BRDA:317,20,1,0
BRDA:334,21,0,0
BRDA:334,21,1,0
BRDA:360,22,0,0
BRDA:360,22,1,0
BRDA:373,23,0,0
BRDA:373,23,1,0
BRDA:374,24,0,0
BRDA:374,24,1,0
BRDA:374,24,2,0
BRDA:374,24,3,0
BRDA:374,24,4,0
BRDA:391,25,0,0
BRDA:391,25,1,0
BRDA:405,26,0,0
BRDA:405,26,1,0
BRDA:417,27,0,0
BRDA:417,27,1,0
BRDA:438,28,0,0
BRDA:438,28,1,0
BRDA:439,29,0,0
BRDA:439,29,1,0
BRDA:439,29,2,0
BRDA:439,29,3,0
BRDA:439,29,4,0
BRDA:439,29,5,0
BRDA:454,30,0,0
BRDA:454,30,1,0
BRF:91
BRH:0
end_of_record
TN:
SF:db\connect
FN:8,(anonymous_0)
FN:24,(anonymous_1)
FN:28,(anonymous_2)
FN:33,(anonymous_3)
FNF:4
FNH:2
FNDA:5,(anonymous_0)
FNDA:0,(anonymous_1)
FNDA:0,(anonymous_2)
FNDA:5,(anonymous_3)
DA:1,5
DA:2,5
DA:3,5
DA:4,5
DA:8,5
DA:9,5
DA:10,0
DA:11,0
DA:13,5
DA:14,5
DA:21,0
DA:23,0
DA:25,0
DA:26,0
DA:29,0
DA:33,5
DA:34,5
DA:35,5
DA:37,0
DA:40,5
LF:20
LH:12
BRDA:9,0,0,0
BRDA:9,0,1,5
BRDA:34,1,0,5
BRDA:34,1,1,0
BRF:4
BRH:2
end_of_record
TN:
SF:models\accmodel.js
FNF:0
FNH:0
DA:1,5
DA:3,5
DA:38,5
DA:40,5
LF:4
LH:4
BRF:0
BRH:0
end_of_record
TN:
SF:models\bookmodel.js
FNF:0
FNH:0
DA:1,5
DA:3,5
DA:54,5
DA:56,5
LF:4
LH:4
BRF:0
BRH:0
end_of_record
TN:
SF:models\historymodel.js
FNF:0
FNH:0
DA:1,5
DA:3,5
DA:32,5
DA:34,5
LF:4
LH:4
BRF:0
BRH:0
end_of_record
TN:
SF:models\libmodel.js
FNF:0
FNH:0
DA:1,5
DA:3,5
DA:38,5
DA:39,5
LF:4
LH:4
BRF:0
BRH:0
end_of_record
TN:
SF:models\statusmodel.js
FNF:0
FNH:0
DA:1,5
DA:3,5
DA:26,5
DA:28,5
LF:4
LH:4
BRF:0
BRH:0
end_of_record
TN:
SF:routes\delete.js
FNF:0
FNH:0
DA:1,5
DA:2,5
DA:3,5
DA:5,5
DA:6,5
DA:8,5
DA:9,5
DA:11,5
DA:12,5
DA:14,5
DA:16,5
DA:18,5
LF:12
LH:12
BRF:0
BRH:0
end_of_record
TN:
SF:routes\get.js
FNF:0
FNH:0
DA:1,5
DA:2,5
DA:7,5
DA:9,5
DA:11,5
DA:14,5
DA:16,5
DA:18,5
DA:21,5
DA:23,5
DA:25,5
DA:28,5
DA:30,5
DA:33,5
DA:35,5
DA:37,5
LF:16
LH:16
BRF:0
BRH:0
end_of_record
TN:
SF:routes\index.js
FN:3,(anonymous_0)
FNF:1
FNH:1
FNDA:1,(anonymous_0)
DA:1,5
DA:3,5
DA:4,1
DA:7,5
DA:8,5
DA:9,5
DA:10,5
DA:11,5
DA:13,5
LF:9
LH:9
BRF:0
BRH:0
end_of_record
TN:
SF:routes\post.js
FNF:0
FNH:0
DA:1,5
DA:2,5
DA:5,5
DA:7,5
DA:9,5
DA:11,5
DA:13,5
DA:15,5
LF:8
LH:8
BRF:0
BRH:0
end_of_record
TN:
SF:routes\put.js
FN:5,(anonymous_0)
FN:8,(anonymous_1)
FNF:2
FNH:0
FNDA:0,(anonymous_0)
FNDA:0,(anonymous_1)
DA:1,5
DA:2,5
DA:3,5
DA:4,5
DA:6,0
DA:9,0
DA:12,5
DA:15,5
DA:20,5
DA:24,5
DA:27,5
DA:32,5
DA:33,5
DA:36,5
DA:41,5
DA:45,5
DA:48,5
DA:49,5
DA:55,5
DA:57,5
LF:20
LH:18
BRF:0
BRH:0
end_of_record
TN:
SF:routes\swagger.js
FNF:0
FNH:0
DA:1,5
DA:2,5
DA:3,5
DA:4,5
DA:5,5
DA:7,5
LF:6
LH:6
BRF:0
BRH:0
end_of_record
